2025-03-22 09:13:28,438 [INFO] Activator:176 - 


2025-03-22 09:13:28,440 [INFO] Activator:177 - !SESSION log4j initialized
2025-03-22 09:13:31,288 [INFO] LogOutputStream:77 - [STDOUT_REDIRECT] 
2025-03-22 09:13:31,611 [INFO] ApplicationProperties:184 - Using Application install path: /opt/st/stm32cubeide_1.16.0/plugins/com.st.stm32cube.common.mx_6.14.0.202502271554
2025-03-22 09:13:31,622 [INFO] DbMcusXml:78 - Set database path to: /opt/st/stm32cubeide_1.16.0/plugins/com.st.stm32cube.common.mx_6.14.0.202502271554//db//mcu/
2025-03-22 09:13:31,622 [INFO] ApiDb:274 - Set plugin database path to: /opt/st/stm32cubeide_1.16.0/plugins/com.st.stm32cube.common.mx_6.14.0.202502271554//db//plugins/boardmanager/
2025-03-22 09:13:31,623 [WARN] ApiDb:259 - Overriding images path with different value:  => /opt/st/stm32cubeide_1.16.0/plugins/com.st.stm32cube.common.mx_6.14.0.202502271554//db//plugins/mcufinder/images/
2025-03-22 09:13:31,627 [INFO] ApiDb:250 - Set database path to: /home/benno/.stmcufinder/plugins/mcufinder//mcu/
2025-03-22 09:13:31,627 [INFO] DbMcusAds:125 - Set database path to: /home/benno/.stmcufinder/plugins/mcufinder//mcu/
2025-03-22 09:13:31,629 [INFO] CrossReferenceDbSqlite:203 - Set database path to: /home/benno/.stmcufinder/plugins/mcufinder//mcu/cs/
2025-03-22 09:13:31,690 [INFO] RulesReader:64 - Compatibility file has been processed (301 Rules)
2025-03-22 09:13:31,730 [INFO] DbMcusXml:78 - Set database path to: /opt/st/stm32cubeide_1.16.0/plugins/com.st.stm32cube.common.mx_6.14.0.202502271554//db//mcu/
2025-03-22 09:13:31,730 [INFO] ApiDb:274 - Set plugin database path to: /opt/st/stm32cubeide_1.16.0/plugins/com.st.stm32cube.common.mx_6.14.0.202502271554//db//plugins/boardmanager/
2025-03-22 09:13:31,730 [INFO] ApiDb:261 - Set plugin images path to: /opt/st/stm32cubeide_1.16.0/plugins/com.st.stm32cube.common.mx_6.14.0.202502271554//db//plugins/mcufinder/images/
2025-03-22 09:13:31,730 [WARN] DbFile:41 - Overriding database path with different value: /home/benno/.stmcufinder/plugins/mcufinder/ => /home/benno/.stmcufinder/plugins/mcufinder
2025-03-22 09:13:31,730 [INFO] ApiDb:250 - Set database path to: /home/benno/.stmcufinder/plugins/mcufinder//mcu/
2025-03-22 09:13:31,730 [WARN] DbFile:41 - Overriding database path with different value: /home/benno/.stmcufinder/plugins/mcufinder/ => /home/benno/.stmcufinder/plugins/mcufinder
2025-03-22 09:13:31,730 [INFO] DbMcusAds:125 - Set database path to: /home/benno/.stmcufinder/plugins/mcufinder//mcu/
2025-03-22 09:13:31,730 [WARN] DbFile:41 - Overriding database path with different value: /home/benno/.stmcufinder/plugins/mcufinder/ => /home/benno/.stmcufinder/plugins/mcufinder
2025-03-22 09:13:31,730 [WARN] DbFile:41 - Overriding database path with different value: /home/benno/.stmcufinder/plugins/mcufinder/ => /home/benno/.stmcufinder/plugins/mcufinder
2025-03-22 09:13:31,730 [INFO] CrossReferenceDbSqlite:203 - Set database path to: /home/benno/.stmcufinder/plugins/mcufinder//mcu/cs/
2025-03-22 09:13:31,768 [INFO] MainPanel:272 - HeapMemory: 268435456
2025-03-22 09:13:31,844 [INFO] DbMcusXml:78 - Set database path to: /opt/st/stm32cubeide_1.16.0/plugins/com.st.stm32cube.common.mx_6.14.0.202502271554//db//mcu/
2025-03-22 09:13:31,844 [INFO] ApiDb:274 - Set plugin database path to: /opt/st/stm32cubeide_1.16.0/plugins/com.st.stm32cube.common.mx_6.14.0.202502271554//db//plugins/boardmanager/
2025-03-22 09:13:31,844 [INFO] ApiDb:261 - Set plugin images path to: /opt/st/stm32cubeide_1.16.0/plugins/com.st.stm32cube.common.mx_6.14.0.202502271554//db//plugins/mcufinder/images/
2025-03-22 09:13:31,844 [WARN] DbFile:41 - Overriding database path with different value: /home/benno/.stmcufinder/plugins/mcufinder/ => /home/benno/.stmcufinder/plugins/mcufinder
2025-03-22 09:13:31,844 [INFO] ApiDb:250 - Set database path to: /home/benno/.stmcufinder/plugins/mcufinder//mcu/
2025-03-22 09:13:31,844 [WARN] DbFile:41 - Overriding database path with different value: /home/benno/.stmcufinder/plugins/mcufinder/ => /home/benno/.stmcufinder/plugins/mcufinder
2025-03-22 09:13:31,844 [INFO] DbMcusAds:125 - Set database path to: /home/benno/.stmcufinder/plugins/mcufinder//mcu/
2025-03-22 09:13:31,844 [WARN] DbFile:41 - Overriding database path with different value: /home/benno/.stmcufinder/plugins/mcufinder/ => /home/benno/.stmcufinder/plugins/mcufinder
2025-03-22 09:13:31,844 [WARN] DbFile:41 - Overriding database path with different value: /home/benno/.stmcufinder/plugins/mcufinder/ => /home/benno/.stmcufinder/plugins/mcufinder
2025-03-22 09:13:31,844 [INFO] CrossReferenceDbSqlite:203 - Set database path to: /home/benno/.stmcufinder/plugins/mcufinder//mcu/cs/
2025-03-22 09:13:31,853 [INFO] ApplicationProperties:184 - Using Application install path: /opt/st/stm32cubeide_1.16.0/plugins/com.st.stm32cube.common.mx_6.14.0.202502271554
2025-03-22 09:13:31,854 [INFO] PluginManage:196 - Search for loadable plugins [exclusion list=, ]
2025-03-22 09:13:31,854 [INFO] PluginManage:310 - Check plugin analytics
2025-03-22 09:13:31,935 [INFO] AnalyticsPlugin:253 - Accepted Software Licenses: 
2025-03-22 09:13:31,935 [INFO] AnalyticsPlugin:255 - Accepted CMSIS Pack Licenses: 
2025-03-22 09:13:31,935 [INFO] AnalyticsPlugin:257 - Accepted Firmware Licenses: FW.F7.1.17.0
2025-03-22 09:13:31,936 [INFO] PluginManage:359 - Loaded plugin analytics (category:tool,tabindex:-1)
2025-03-22 09:13:31,936 [INFO] PluginManage:310 - Check plugin cadmodel
2025-03-22 09:13:31,940 [INFO] CADModel:105 - Init CAD model plugin
2025-03-22 09:13:31,940 [INFO] PluginManage:359 - Loaded plugin cadmodel (category:power,tabindex:5)
2025-03-22 09:13:31,940 [INFO] PluginManage:310 - Check plugin clock
2025-03-22 09:13:31,947 [INFO] PluginManage:359 - Loaded plugin clock (category:base,tabindex:2)
2025-03-22 09:13:31,947 [INFO] PluginManage:310 - Check plugin ddr
2025-03-22 09:13:31,949 [INFO] PluginManage:359 - Loaded plugin ddr (category:tool,tabindex:6)
2025-03-22 09:13:31,949 [INFO] PluginManage:310 - Check plugin filemanager
2025-03-22 09:13:32,040 [INFO] PluginManage:359 - Loaded plugin filemanager (category:base,tabindex:10)
2025-03-22 09:13:32,041 [INFO] PluginManage:310 - Check plugin ipmanager
2025-03-22 09:13:32,044 [INFO] PluginManage:359 - Loaded plugin ipmanager (category:base,tabindex:5)
2025-03-22 09:13:32,044 [INFO] PluginManage:310 - Check plugin lpbam
2025-03-22 09:13:32,049 [INFO] PluginManage:359 - Loaded plugin lpbam (category:base,tabindex:0)
2025-03-22 09:13:32,049 [INFO] PluginManage:310 - Check plugin memorymap
2025-03-22 09:13:32,056 [INFO] PluginManage:359 - Loaded plugin memorymap (category:base,tabindex:4)
2025-03-22 09:13:32,056 [INFO] PluginManage:310 - Check plugin pinoutandconfiguration
2025-03-22 09:13:32,061 [INFO] PluginManage:359 - Loaded plugin pinoutandconfiguration (category:base,tabindex:1)
2025-03-22 09:13:32,061 [INFO] PluginManage:310 - Check plugin pinoutconfig
2025-03-22 09:13:32,103 [WARN] SupportedApi:132 - Cannot load RTOS API schema: s4s-elt-must-match.1: The content of 'definitions' must match (annotation?, (simpleType | complexType)?, (unique | key | keyref)*)). A problem was found starting at: attribute.
2025-03-22 09:13:32,177 [INFO] PluginManage:359 - Loaded plugin pinoutconfig (category:base,tabindex:0)
2025-03-22 09:13:32,178 [INFO] PluginManage:310 - Check plugin power
2025-03-22 09:13:32,183 [INFO] PluginManage:359 - Loaded plugin power (category:power,tabindex:4)
2025-03-22 09:13:32,183 [INFO] PluginManage:310 - Check plugin projectmanager
2025-03-22 09:13:32,191 [INFO] PluginManage:359 - Loaded plugin projectmanager (category:projectmanager,tabindex:4)
2025-03-22 09:13:32,191 [INFO] PluginManage:310 - Check plugin rif
2025-03-22 09:13:32,195 [INFO] PluginManage:359 - Loaded plugin rif (category:base,tabindex:3)
2025-03-22 09:13:32,196 [INFO] PluginManage:310 - Check plugin thirdparty
2025-03-22 09:13:32,270 [INFO] PluginManage:359 - Loaded plugin thirdparty (category:base,tabindex:-1)
2025-03-22 09:13:32,270 [WARN] IntegrityCheckThread:84 - waiting for thirdparty lock release [integrity check]
2025-03-22 09:13:32,270 [INFO] PluginManage:310 - Check plugin tools
2025-03-22 09:13:32,270 [INFO] IntegrityCheckThread:86 - entering critical section [integrity check]
2025-03-22 09:13:32,271 [INFO] ThirdPartyUpdaterWithRetryManager:70 - Updater plugin not ready yet. [1/15]
2025-03-22 09:13:32,271 [INFO] PluginManage:359 - Loaded plugin tools (category:base,tabindex:7)
2025-03-22 09:13:32,272 [INFO] PluginManage:310 - Check plugin tutovideos
2025-03-22 09:13:32,373 [INFO] PluginManage:359 - Loaded plugin tutovideos (category:base,tabindex:-1)
2025-03-22 09:13:32,373 [INFO] PluginManage:310 - Check plugin updater
2025-03-22 09:13:32,389 [INFO] PluginManage:359 - Loaded plugin updater (category:base,tabindex:12)
2025-03-22 09:13:32,389 [INFO] PluginManage:310 - Check plugin userauth
2025-03-22 09:13:32,392 [INFO] UserAuth:118 - Init User Auth plugin
2025-03-22 09:13:32,392 [INFO] PluginManage:359 - Loaded plugin userauth (category:base,tabindex:14)
2025-03-22 09:13:32,393 [INFO] PluginManage:283 - PluginManage : Loaded plugins [18]
2025-03-22 09:13:32,488 [INFO] PinOutPanel:1589 - setPackage(No Configuration,No Configuration)
2025-03-22 09:13:32,525 [INFO] CADModel:165 - CPN selected for project level
2025-03-22 09:13:32,526 [INFO] CADModel:114 - Register for checkConnection events
2025-03-22 09:13:32,531 [INFO] IPUIPlugin:80 - create IPUIPlugin
2025-03-22 09:13:32,532 [INFO] PluginManager:220 - loadIPPluginJar : add radio
2025-03-22 09:13:32,535 [INFO] IPUIPlugin:80 - create IPUIPlugin
2025-03-22 09:13:32,535 [INFO] PluginManager:220 - loadIPPluginJar : add freertos
2025-03-22 09:13:32,538 [INFO] IPUIPlugin:80 - create IPUIPlugin
2025-03-22 09:13:32,538 [INFO] PluginManager:220 - loadIPPluginJar : add extmemmanager
2025-03-22 09:13:32,539 [INFO] IPUIPlugin:80 - create IPUIPlugin
2025-03-22 09:13:32,539 [INFO] PluginManager:220 - loadIPPluginJar : add comp
2025-03-22 09:13:32,541 [INFO] IPUIPlugin:80 - create IPUIPlugin
2025-03-22 09:13:32,542 [INFO] PluginManager:220 - loadIPPluginJar : add fmc
2025-03-22 09:13:32,542 [INFO] IPUIPlugin:80 - create IPUIPlugin
2025-03-22 09:13:32,542 [INFO] PluginManager:220 - loadIPPluginJar : add tim
2025-03-22 09:13:32,546 [INFO] IPUIPlugin:80 - create IPUIPlugin
2025-03-22 09:13:32,546 [INFO] PluginManager:220 - loadIPPluginJar : add adc
2025-03-22 09:13:32,547 [INFO] IPUIPlugin:80 - create IPUIPlugin
2025-03-22 09:13:32,547 [INFO] PluginManager:220 - loadIPPluginJar : add hash
2025-03-22 09:13:32,548 [INFO] IPUIPlugin:80 - create IPUIPlugin
2025-03-22 09:13:32,548 [INFO] PluginManager:220 - loadIPPluginJar : add sai
2025-03-22 09:13:32,552 [INFO] IPUIPlugin:80 - create IPUIPlugin
2025-03-22 09:13:32,552 [INFO] PluginManager:220 - loadIPPluginJar : add linkedlist
2025-03-22 09:13:32,555 [INFO] IPUIPlugin:80 - create IPUIPlugin
2025-03-22 09:13:32,555 [INFO] PluginManager:220 - loadIPPluginJar : add gpio
2025-03-22 09:13:32,556 [INFO] IPUIPlugin:80 - create IPUIPlugin
2025-03-22 09:13:32,556 [INFO] PluginManager:220 - loadIPPluginJar : add i2s
2025-03-22 09:13:32,557 [INFO] IPUIPlugin:80 - create IPUIPlugin
2025-03-22 09:13:32,557 [INFO] PluginManager:220 - loadIPPluginJar : add ucpd
2025-03-22 09:13:32,558 [INFO] IPUIPlugin:80 - create IPUIPlugin
2025-03-22 09:13:32,558 [INFO] PluginManager:220 - loadIPPluginJar : add gtzc
2025-03-22 09:13:32,559 [INFO] IPUIPlugin:80 - create IPUIPlugin
2025-03-22 09:13:32,559 [INFO] PluginManager:220 - loadIPPluginJar : add fatfs
2025-03-22 09:13:32,560 [INFO] IPUIPlugin:80 - create IPUIPlugin
2025-03-22 09:13:32,560 [INFO] PluginManager:220 - loadIPPluginJar : add quadspi
2025-03-22 09:13:32,561 [INFO] IPUIPlugin:80 - create IPUIPlugin
2025-03-22 09:13:32,561 [INFO] PluginManager:220 - loadIPPluginJar : add tracer_emb
2025-03-22 09:13:32,562 [INFO] IPUIPlugin:80 - create IPUIPlugin
2025-03-22 09:13:32,562 [INFO] PluginManager:220 - loadIPPluginJar : add pdm2pcm
2025-03-22 09:13:32,563 [INFO] IPUIPlugin:80 - create IPUIPlugin
2025-03-22 09:13:32,563 [INFO] PluginManager:220 - loadIPPluginJar : add usart
2025-03-22 09:13:32,564 [INFO] IPUIPlugin:80 - create IPUIPlugin
2025-03-22 09:13:32,564 [INFO] PluginManager:220 - loadIPPluginJar : add spi
2025-03-22 09:13:32,565 [INFO] IPUIPlugin:80 - create IPUIPlugin
2025-03-22 09:13:32,565 [INFO] PluginManager:220 - loadIPPluginJar : add aes
2025-03-22 09:13:32,569 [INFO] IPUIPlugin:80 - create IPUIPlugin
2025-03-22 09:13:32,569 [INFO] PluginManager:220 - loadIPPluginJar : add mdma
2025-03-22 09:13:32,571 [INFO] IPUIPlugin:80 - create IPUIPlugin
2025-03-22 09:13:32,571 [INFO] PluginManager:220 - loadIPPluginJar : add resmgrutility
2025-03-22 09:13:32,571 [INFO] IPUIPlugin:80 - create IPUIPlugin
2025-03-22 09:13:32,571 [INFO] PluginManager:220 - loadIPPluginJar : add genericplugin
2025-03-22 09:13:32,575 [INFO] IPUIPlugin:80 - create IPUIPlugin
2025-03-22 09:13:32,576 [INFO] PluginManager:220 - loadIPPluginJar : add plateformsettings
2025-03-22 09:13:32,578 [INFO] IPUIPlugin:80 - create IPUIPlugin
2025-03-22 09:13:32,578 [INFO] PluginManager:220 - loadIPPluginJar : add usbx
2025-03-22 09:13:32,579 [INFO] IPUIPlugin:80 - create IPUIPlugin
2025-03-22 09:13:32,579 [INFO] PluginManager:220 - loadIPPluginJar : add opamp
2025-03-22 09:13:32,580 [INFO] IPUIPlugin:80 - create IPUIPlugin
2025-03-22 09:13:32,580 [INFO] PluginManager:220 - loadIPPluginJar : add i3c
2025-03-22 09:13:32,582 [INFO] IPUIPlugin:80 - create IPUIPlugin
2025-03-22 09:13:32,582 [INFO] PluginManager:220 - loadIPPluginJar : add gic
2025-03-22 09:13:32,584 [INFO] IPUIPlugin:80 - create IPUIPlugin
2025-03-22 09:13:32,584 [INFO] PluginManager:220 - loadIPPluginJar : add ddr_ctrl_phy
2025-03-22 09:13:32,585 [INFO] IPUIPlugin:80 - create IPUIPlugin
2025-03-22 09:13:32,585 [INFO] PluginManager:220 - loadIPPluginJar : add i2c
2025-03-22 09:13:32,588 [INFO] IPUIPlugin:80 - create IPUIPlugin
2025-03-22 09:13:32,588 [INFO] PluginManager:220 - loadIPPluginJar : add stm32_wpan
2025-03-22 09:13:32,589 [INFO] IPUIPlugin:80 - create IPUIPlugin
2025-03-22 09:13:32,589 [INFO] PluginManager:220 - loadIPPluginJar : add dfsdm
2025-03-22 09:13:32,590 [INFO] IPUIPlugin:80 - create IPUIPlugin
2025-03-22 09:13:32,590 [INFO] PluginManager:220 - loadIPPluginJar : add openamp
2025-03-22 09:13:32,593 [INFO] IPUIPlugin:80 - create IPUIPlugin
2025-03-22 09:13:32,593 [INFO] PluginManager:220 - loadIPPluginJar : add dma
2025-03-22 09:13:32,595 [INFO] IPUIPlugin:80 - create IPUIPlugin
2025-03-22 09:13:32,595 [INFO] PluginManager:220 - loadIPPluginJar : add ipddr
2025-03-22 09:13:32,597 [INFO] IPUIPlugin:80 - create IPUIPlugin
2025-03-22 09:13:32,597 [INFO] PluginManager:220 - loadIPPluginJar : add nvic
2025-03-22 09:13:32,597 [INFO] IPUIPlugin:80 - create IPUIPlugin
2025-03-22 09:13:32,598 [INFO] PluginManager:220 - loadIPPluginJar : add ts
2025-03-22 09:13:32,599 [INFO] IPUIPlugin:80 - create IPUIPlugin
2025-03-22 09:13:32,599 [INFO] PluginManager:220 - loadIPPluginJar : add touchsensing
2025-03-22 09:13:32,600 [INFO] IPUIPlugin:80 - create IPUIPlugin
2025-03-22 09:13:32,600 [INFO] PluginManager:220 - loadIPPluginJar : add dma3
2025-03-22 09:13:32,601 [INFO] IPUIPlugin:80 - create IPUIPlugin
2025-03-22 09:13:32,601 [INFO] PluginManager:220 - loadIPPluginJar : add tsc
2025-03-22 09:13:32,601 [INFO] IPUIPlugin:80 - create IPUIPlugin
2025-03-22 09:13:32,602 [INFO] PluginManager:220 - loadIPPluginJar : add ltdc
2025-03-22 09:13:32,603 [INFO] IPUIPlugin:80 - create IPUIPlugin
2025-03-22 09:13:32,603 [INFO] PluginManager:220 - loadIPPluginJar : add lorawan
2025-03-22 09:13:32,604 [INFO] IPUIPlugin:80 - create IPUIPlugin
2025-03-22 09:13:32,604 [INFO] PluginManager:220 - loadIPPluginJar : add gfxmmu
2025-03-22 09:13:32,605 [INFO] IPUIPlugin:80 - create IPUIPlugin
2025-03-22 09:13:32,605 [INFO] PluginManager:220 - loadIPPluginJar : add can
2025-03-22 09:13:32,606 [INFO] IPUIPlugin:80 - create IPUIPlugin
2025-03-22 09:13:32,606 [INFO] PluginManager:220 - loadIPPluginJar : add cryp
2025-03-22 09:13:32,690 [FATAL] Updater:351 - Updater called before beeing initialized
2025-03-22 09:13:32,705 [INFO] RulesReader:64 - Compatibility file has been processed (301 Rules)
2025-03-22 09:13:32,710 [INFO] RulesReader:64 - Compatibility file has been processed (301 Rules)
2025-03-22 09:13:32,713 [INFO] CADModel:165 - CPN selected for project level
2025-03-22 09:13:32,713 [INFO] CADModel:114 - Register for checkConnection events
2025-03-22 09:13:32,713 [FATAL] Updater:351 - Updater called before beeing initialized
2025-03-22 09:13:32,714 [ERROR] CADModel:125 - Updater not yet initialized, retry later 
2025-03-22 09:13:32,782 [FATAL] Updater:351 - Updater called before beeing initialized
2025-03-22 09:13:32,783 [INFO] CADModel:165 - CPN selected for project level
2025-03-22 09:13:32,783 [INFO] CADModel:114 - Register for checkConnection events
2025-03-22 09:13:32,783 [FATAL] Updater:351 - Updater called before beeing initialized
2025-03-22 09:13:32,783 [ERROR] CADModel:125 - Updater not yet initialized, retry later 
2025-03-22 09:13:32,785 [FATAL] Updater:351 - Updater called before beeing initialized
2025-03-22 09:13:32,829 [FATAL] Updater:351 - Updater called before beeing initialized
2025-03-22 09:13:32,831 [INFO] DbMcusAds:53 - JSON generation date=Thu Mar 06 15:54:21 CET 2025 (1741272861825)
2025-03-22 09:13:32,831 [FATAL] Updater:351 - Updater called before beeing initialized
2025-03-22 09:13:32,853 [WARN] DetailPanel:346 - Failed to get advertising image, set to default
2025-03-22 09:13:33,012 [FATAL] Updater:351 - Updater called before beeing initialized
2025-03-22 09:13:33,013 [FATAL] Updater:351 - Updater called before beeing initialized
2025-03-22 09:13:33,013 [FATAL] Updater:351 - Updater called before beeing initialized
2025-03-22 09:13:33,013 [WARN] DetailPanel:346 - Failed to get advertising image, set to default
2025-03-22 09:13:33,014 [FATAL] Updater:351 - Updater called before beeing initialized
2025-03-22 09:13:33,030 [ERROR] Updater:1198 - MainUpdater not yet initialized. External WinMGr cannot be set.
2025-03-22 09:13:33,030 [INFO] Updater:1134 - Updater Version found : 6.14.0
2025-03-22 09:13:33,041 [INFO] ApplicationProperties:184 - Using Application install path: /opt/st/stm32cubeide_1.16.0/plugins/com.st.stm32cube.common.mx_6.14.0.202502271554
2025-03-22 09:13:33,182 [INFO] MainUpdater:2872 - connection check result : 10
2025-03-22 09:13:33,183 [INFO] MainUpdater:289 - Updater Check For Update Now.
2025-03-22 09:13:33,183 [INFO] MicroXplorer:498 - Change Database Version : DB.6.0.140
2025-03-22 09:13:33,186 [INFO] McuFinderGlobals:63 - Set McuFinder mode to 2 (CubeIDE integrated)
2025-03-22 09:13:33,187 [INFO] UserAuth:486 - Internet connection configuration mode: 1
2025-03-22 09:13:33,196 [INFO] JxBrowserEngine:152 - Initiate JxBrowser Engine with user profile folder
2025-03-22 09:13:33,325 [INFO] CheckServerUpdateThread:120 - End of CheckServer Thread
2025-03-22 09:13:34,127 [INFO] WebApp:169 - Instantiating new browser for Auth
2025-03-22 09:13:34,660 [INFO] WebApp:463 - Apply proxy settings
2025-03-22 09:13:34,660 [INFO] WebApp:548 - Chromium requires no authentication
2025-03-22 09:13:34,667 [INFO] WebApp:491 - Direct internet connection detected
2025-03-22 09:13:34,676 [INFO] WebApp:894 - Register for checkConnection events
2025-03-22 09:13:34,677 [INFO] WebApp:463 - Apply proxy settings
2025-03-22 09:13:34,677 [INFO] WebApp:548 - Chromium requires no authentication
2025-03-22 09:13:34,677 [INFO] WebApp:491 - Direct internet connection detected
2025-03-22 09:13:34,774 [INFO] WebApp:225 - Starting web application
2025-03-22 09:13:34,774 [INFO] WebApp:593 - Web application path used /opt/st/stm32cubeide_1.16.0/plugins/com.st.stm32cube.common.mx_6.14.0.202502271554/db/plugins/mcufinder/reactClient1/index.html
2025-03-22 09:13:34,856 [INFO] UserAuth:486 - Internet connection configuration mode: 1
2025-03-22 09:13:34,857 [INFO] WebApp:191 - Connection restablished
2025-03-22 09:13:35,350 [WARN] PackLoader:240 - Cannot read IP mode file for STMicroelectronics.FP-SNS-MOTENVWB1.1.4.0
2025-03-22 09:13:35,353 [WARN] PackLoader:240 - Cannot read IP mode file for STMicroelectronics.FP-ATR-ASTRA1.2.0.2
2025-03-22 09:13:35,355 [WARN] PackLoader:240 - Cannot read IP mode file for STMicroelectronics.FP-ATR-ASTRA1.2.0.1
2025-03-22 09:13:35,358 [WARN] PackLoader:240 - Cannot read IP mode file for STMicroelectronics.X-CUBE-SMBUS.2.1.0
2025-03-22 09:13:35,362 [WARN] PackLoader:240 - Cannot read IP mode file for STMicroelectronics.X-CUBE-WB05N.1.1.0
2025-03-22 09:13:35,376 [WARN] PackLoader:240 - Cannot read IP mode file for STMicroelectronics.X-CUBE-AZRTOS-F7.1.1.0
2025-03-22 09:13:35,401 [WARN] PackLoader:240 - Cannot read IP mode file for STMicroelectronics.X-CUBE-MEMS1.11.0.0
2025-03-22 09:13:35,485 [WARN] PackLoader:240 - Cannot read IP mode file for STMicroelectronics.FP-SNS-FLIGHT1.5.0.2
2025-03-22 09:13:35,503 [WARN] PackLoader:240 - Cannot read IP mode file for STMicroelectronics.X-CUBE-DISPLAY.3.0.0
2025-03-22 09:13:35,512 [WARN] PackLoader:240 - Cannot read IP mode file for STMicroelectronics.X-CUBE-BLE1.7.0.0
2025-03-22 09:13:35,516 [WARN] PackLoader:240 - Cannot read IP mode file for STMicroelectronics.X-CUBE-NFC10.1.0.0
2025-03-22 09:13:35,522 [WARN] PackLoader:240 - Cannot read IP mode file for STMicroelectronics.X-CUBE-BLEMGR.4.0.0
2025-03-22 09:13:35,526 [WARN] PackLoader:240 - Cannot read IP mode file for emotas.I-CUBE-CANOPEN.1.3.0
2025-03-22 09:13:35,532 [WARN] PackLoader:240 - Cannot read IP mode file for STMicroelectronics.X-CUBE-BLEMGR.3.1.0
2025-03-22 09:13:35,535 [WARN] PackLoader:240 - Cannot read IP mode file for STMicroelectronics.X-CUBE-AI.10.0.0
2025-03-22 09:13:35,537 [WARN] PackLoader:240 - Cannot read IP mode file for STMicroelectronics.FP-SNS-SMARTAG2.1.2.0
2025-03-22 09:13:35,539 [WARN] PackLoader:240 - Cannot read IP mode file for STMicroelectronics.FP-SNS-FLIGHT1.5.1.0
2025-03-22 09:13:35,571 [WARN] PackLoader:240 - Cannot read IP mode file for STMicroelectronics.X-CUBE-MEMS1.11.1.0
2025-03-22 09:13:35,617 [INFO] LogOutputStream:77 - [STDOUT_REDIRECT] 1 : Invalid condition id : UX_CORESTACK_Condition cause : null
2025-03-22 09:13:35,618 [INFO] LogOutputStream:77 - [STDOUT_REDIRECT] 1 : Invalid condition id : UX_CORESTACK_Condition cause : null
2025-03-22 09:13:35,618 [INFO] LogOutputStream:77 - [STDOUT_REDIRECT] 1 : Invalid condition id : UX_CORESTACK_Condition cause : null
2025-03-22 09:13:35,618 [INFO] LogOutputStream:77 - [STDOUT_REDIRECT] 1 : Invalid condition id : UX_CORESTACK_Condition cause : null
2025-03-22 09:13:35,618 [INFO] LogOutputStream:77 - [STDOUT_REDIRECT] 1 : Invalid condition id : UX_CORESTACK_Condition cause : null
2025-03-22 09:13:35,619 [WARN] PackLoader:240 - Cannot read IP mode file for STMicroelectronics.X-CUBE-AZRTOS-WL.2.0.0
2025-03-22 09:13:35,621 [WARN] PackLoader:240 - Cannot read IP mode file for STMicroelectronics.FP-SNS-MOTENV1.5.0.0
2025-03-22 09:13:35,622 [WARN] PackLoader:240 - Cannot read IP mode file for wolfSSL.I-CUBE-wolfMQTT.1.19.0
2025-03-22 09:13:35,625 [WARN] PackLoader:240 - Cannot read IP mode file for WES.I-CUBE-Cesium.1.3.0
2025-03-22 09:13:35,626 [WARN] PackLoader:240 - Cannot read IP mode file for STMicroelectronics.X-CUBE-BLE2.3.3.0
2025-03-22 09:13:35,628 [WARN] PackLoader:240 - Cannot read IP mode file for STMicroelectronics.X-CUBE-NFC9.1.0.0
2025-03-22 09:13:35,630 [WARN] PackLoader:240 - Cannot read IP mode file for STMicroelectronics.X-CUBE-BLE1.7.1.0
2025-03-22 09:13:35,632 [WARN] PackLoader:240 - Cannot read IP mode file for STMicroelectronics.X-CUBE-TCPP.4.1.0
2025-03-22 09:13:35,637 [WARN] PackLoader:240 - Cannot read IP mode file for STMicroelectronics.X-CUBE-AZRTOS-G0.1.1.0
2025-03-22 09:13:35,640 [WARN] PackLoader:240 - Cannot read IP mode file for STMicroelectronics.X-CUBE-SAFEA1.1.2.2
2025-03-22 09:13:35,642 [WARN] PackLoader:240 - Cannot read IP mode file for STMicroelectronics.X-CUBE-NFC4.3.0.0
2025-03-22 09:13:35,645 [WARN] PackLoader:240 - Cannot read IP mode file for EmbeddedOffice.I-CUBE-FS-RTOS.1.0.1
2025-03-22 09:13:35,647 [WARN] PackLoader:240 - Cannot read IP mode file for STMicroelectronics.X-CUBE-TCPP.4.2.0
2025-03-22 09:13:35,649 [WARN] PackLoader:240 - Cannot read IP mode file for RealThread.X-CUBE-RT-Thread_Nano.4.1.1
2025-03-22 09:13:35,650 [WARN] PackLoader:240 - Cannot read IP mode file for STMicroelectronics.FP-ATR-SIGFOX1.3.2.0
2025-03-22 09:13:35,651 [WARN] PackLoader:240 - Cannot read IP mode file for wolfSSL.I-CUBE-wolfSSL.5.7.2
2025-03-22 09:13:35,652 [WARN] ConditionMgr:438 - getConditionDescription Invalid condition id : Cortex-A Device cause : null
2025-03-22 09:13:35,656 [WARN] ConditionMgr:1044 - genDependencies : Invalid condition id : Cortex-A Device cause : null
2025-03-22 09:13:35,656 [WARN] ConditionMgr:1044 - genDependencies : Invalid condition id : Cortex-A Device cause : null
2025-03-22 09:13:35,657 [WARN] ConditionMgr:1044 - genDependencies : Invalid condition id : Cortex-A Device cause : null
2025-03-22 09:13:35,658 [WARN] PackLoader:240 - Cannot read IP mode file for STMicroelectronics.X-CUBE-EEPRMA1.5.1.0
2025-03-22 09:13:35,661 [WARN] PackLoader:240 - Cannot read IP mode file for ITTIA_DB.I-CUBE-ITTIADB.8.9.0
2025-03-22 09:13:35,673 [WARN] PackLoader:240 - Cannot read IP mode file for SEGGER.I-CUBE-embOS.1.3.1
2025-03-22 09:13:35,688 [WARN] PackLoader:240 - Cannot read IP mode file for STMicroelectronics.X-CUBE-ALGOBUILD.1.4.0
2025-03-22 09:13:35,689 [WARN] PackLoader:240 - Cannot read IP mode file for STMicroelectronics.X-CUBE-AI.9.1.0
2025-03-22 09:13:35,690 [WARN] PackLoader:240 - Cannot read IP mode file for STMicroelectronics.X-CUBE-GNSS1.6.0.0
2025-03-22 09:13:35,696 [WARN] PackLoader:240 - Cannot read IP mode file for STMicroelectronics.X-CUBE-AZRTOS-F4.1.1.0
2025-03-22 09:13:35,699 [WARN] PackLoader:240 - Cannot read IP mode file for STMicroelectronics.X-CUBE-ISPU.2.1.0
2025-03-22 09:13:35,700 [WARN] PackLoader:240 - Cannot read IP mode file for STMicroelectronics.X-CUBE-FREERTOS.1.2.0
2025-03-22 09:13:35,709 [WARN] PackLoader:240 - Cannot read IP mode file for STMicroelectronics.X-CUBE-AZRTOS-L5.2.0.0
2025-03-22 09:13:35,714 [WARN] PackLoader:240 - Cannot read IP mode file for STMicroelectronics.X-CUBE-NFC6.3.1.0
2025-03-22 09:13:35,716 [WARN] PackLoader:240 - Cannot read IP mode file for STMicroelectronics.X-CUBE-DPower.1.2.0
2025-03-22 09:13:35,718 [WARN] PackLoader:240 - Cannot read IP mode file for STMicroelectronics.X-CUBE-AI.9.0.0
2025-03-22 09:13:35,719 [WARN] PackLoader:240 - Cannot read IP mode file for STMicroelectronics.X-CUBE-FREERTOS.1.3.0
2025-03-22 09:13:35,720 [WARN] PackLoader:240 - Cannot read IP mode file for STMicroelectronics.X-CUBE-NFC7.1.0.1
2025-03-22 09:13:35,726 [WARN] ConditionMgr:438 - getConditionDescription Invalid condition id : LAN8742 Phy interface Condition cause : null
2025-03-22 09:13:35,726 [WARN] PackLoader:240 - Cannot read IP mode file for STMicroelectronics.X-CUBE-AZRTOS-L4.2.0.0
2025-03-22 09:13:35,727 [WARN] ConditionMgr:1044 - genDependencies : Invalid condition id : LAN8742 Phy interface Condition cause : null
2025-03-22 09:13:35,727 [WARN] ConditionMgr:1044 - genDependencies : Invalid condition id : LAN8742 Phy interface Condition cause : null
2025-03-22 09:13:35,727 [WARN] ConditionMgr:1044 - genDependencies : Invalid condition id : LAN8742 Phy interface Condition cause : null
2025-03-22 09:13:35,729 [WARN] PackLoader:240 - Cannot read IP mode file for STMicroelectronics.X-CUBE-SFXS2LP1.4.0.0
2025-03-22 09:13:35,736 [WARN] PackLoader:240 - Cannot read IP mode file for STMicroelectronics.X-CUBE-AZRTOS-H7.3.3.0
2025-03-22 09:13:35,741 [WARN] PackLoader:240 - Cannot read IP mode file for STMicroelectronics.X-CUBE-IPS.3.0.0
2025-03-22 09:13:35,747 [WARN] ConditionMgr:438 - getConditionDescription Invalid condition id : UX DEVICE CLASS RTOS Condition cause : null
2025-03-22 09:13:35,747 [WARN] ConditionMgr:438 - getConditionDescription Invalid condition id : UX DEVICE CLASS RTOS Condition cause : null
2025-03-22 09:13:35,747 [WARN] PackLoader:240 - Cannot read IP mode file for STMicroelectronics.X-CUBE-AZRTOS-WB.2.0.0
2025-03-22 09:13:35,748 [WARN] ConditionMgr:1044 - genDependencies : Invalid condition id : UX DEVICE CLASS RTOS Condition cause : null
2025-03-22 09:13:35,748 [WARN] ConditionMgr:1044 - genDependencies : Invalid condition id : UX DEVICE CLASS RTOS Condition cause : null
2025-03-22 09:13:35,748 [WARN] ConditionMgr:1044 - genDependencies : Invalid condition id : UX DEVICE CLASS RTOS Condition cause : null
2025-03-22 09:13:35,748 [WARN] ConditionMgr:1044 - genDependencies : Invalid condition id : UX DEVICE CLASS RTOS Condition cause : null
2025-03-22 09:13:35,748 [WARN] ConditionMgr:1044 - genDependencies : Invalid condition id : UX DEVICE CLASS RTOS Condition cause : null
2025-03-22 09:13:35,750 [WARN] PackLoader:240 - Cannot read IP mode file for STMicroelectronics.X-CUBE-GNSS1.7.0.0
2025-03-22 09:13:35,753 [WARN] PackLoader:240 - Cannot read IP mode file for STMicroelectronics.X-CUBE-GNSS1.7.0.1
2025-03-22 09:13:35,755 [WARN] PackLoader:240 - Cannot read IP mode file for STMicroelectronics.X-CUBE-TOUCHGFX.4.25.0
2025-03-22 09:13:35,757 [WARN] PackLoader:240 - Cannot read IP mode file for STMicroelectronics.FP-SNS-STBOX1.2.0.0
2025-03-22 09:13:35,763 [WARN] PackLoader:240 - Cannot read IP mode file for STMicroelectronics.X-CUBE-SUBG2.5.0.0
2025-03-22 09:13:35,777 [WARN] PackLoader:240 - Cannot read IP mode file for STMicroelectronics.X-CUBE-AZRTOS-H7RS.1.1.0
2025-03-22 09:13:35,781 [WARN] PackLoader:240 - Cannot read IP mode file for Cesanta.I-CUBE-Mongoose.7.13.0
2025-03-22 09:13:35,790 [WARN] PackLoader:240 - Cannot read IP mode file for STMicroelectronics.X-CUBE-AZRTOS-G4.2.0.0
2025-03-22 09:13:35,793 [WARN] PackLoader:240 - Cannot read IP mode file for STMicroelectronics.X-CUBE-ISPU.2.0.0
2025-03-22 09:13:35,799 [WARN] PackLoader:240 - Cannot read IP mode file for STMicroelectronics.X-CUBE-IPS.3.1.0
2025-03-22 09:13:35,817 [WARN] PackLoader:240 - Cannot read IP mode file for STMicroelectronics.X-CUBE-ALS.1.0.2
2025-03-22 09:13:35,819 [WARN] PackLoader:240 - Cannot read IP mode file for STMicroelectronics.X-CUBE-TOUCHGFX.4.24.0
2025-03-22 09:13:35,820 [WARN] PackLoader:240 - Cannot read IP mode file for STMicroelectronics.X-CUBE-TOUCHGFX.4.24.2
2025-03-22 09:13:35,821 [WARN] PackLoader:240 - Cannot read IP mode file for STMicroelectronics.X-CUBE-TOUCHGFX.4.24.1
2025-03-22 09:13:35,822 [WARN] PackLoader:240 - Cannot read IP mode file for wolfSSL.I-CUBE-wolfTPM.3.4.0
2025-03-22 09:13:35,824 [WARN] PackLoader:240 - Cannot read IP mode file for portGmbH.I-Cube-SoM-uGOAL.1.1.0
2025-03-22 09:13:35,833 [WARN] PackLoader:240 - Cannot read IP mode file for STMicroelectronics.X-CUBE-AZRTOS-H7RS.1.0.0
2025-03-22 09:13:35,834 [WARN] PackLoader:240 - Cannot read IP mode file for STMicroelectronics.FP-ATR-ASTRA1.2.0.0
2025-03-22 09:13:35,838 [WARN] PackLoader:240 - Cannot read IP mode file for STMicroelectronics.X-CUBE-TOF1.3.4.2
2025-03-22 09:13:35,846 [WARN] PackLoader:240 - Cannot read IP mode file for Infineon.AIROC-Wi-Fi-Bluetooth-STM32.1.6.1
2025-03-22 09:13:35,848 [WARN] PackLoader:240 - Cannot read IP mode file for wolfSSL.I-CUBE-wolfSSH.1.4.17
2025-03-22 09:13:35,848 [INFO] ThirdParty:978 - Integrity check success = true
2025-03-22 09:13:35,848 [INFO] IntegrityCheckThread:100 - exiting critical section [integrity check]
2025-03-22 09:13:35,848 [INFO] IntegrityCheckThread:103 - End integrity checks thread
2025-03-22 13:07:15,029 [INFO] WebApp:194 - Connection lost
2025-03-22 13:07:22,188 [INFO] WebApp:191 - Connection restablished
2025-03-22 17:02:55,007 [INFO] WebApp:194 - Connection lost
2025-03-22 17:03:01,741 [INFO] WebApp:191 - Connection restablished
2025-03-22 18:03:53,218 [ERROR] LogOutputStream:75 - [STDERR_REDIRECT] 
