2025-03-19 19:30:53,222 [INFO] Activator:176 - 


2025-03-19 19:30:53,223 [INFO] Activator:177 - !SESSION log4j initialized
2025-03-19 19:30:54,469 [INFO] LogOutputStream:77 - [STDOUT_REDIRECT] 
2025-03-19 19:30:55,372 [INFO] ApplicationProperties:184 - Using Application install path: /opt/st/stm32cubeide_1.16.0/plugins/com.st.stm32cube.common.mx_6.12.0.202406281431
2025-03-19 19:30:55,382 [INFO] DbMcusXml:78 - Set database path to: /opt/st/stm32cubeide_1.16.0/plugins/com.st.stm32cube.common.mx_6.12.0.202406281431//db//mcu/
2025-03-19 19:30:55,382 [INFO] ApiDb:274 - Set plugin database path to: /opt/st/stm32cubeide_1.16.0/plugins/com.st.stm32cube.common.mx_6.12.0.202406281431//db//plugins/boardmanager/
2025-03-19 19:30:55,382 [WARN] ApiDb:259 - Overriding images path with different value:  => /opt/st/stm32cubeide_1.16.0/plugins/com.st.stm32cube.common.mx_6.12.0.202406281431//db//plugins/mcufinder/images/
2025-03-19 19:30:55,923 [WARN] ApiFinderProperties:113 - /root/.stmcufinder/plugins/mcufinder/mcu/mcuFinder.mfd doesn't exist
2025-03-19 19:30:55,923 [INFO] ApiDb:250 - Set database path to: /root/.stmcufinder/plugins/mcufinder//mcu/
2025-03-19 19:30:55,924 [INFO] DbMcusAds:125 - Set database path to: /root/.stmcufinder/plugins/mcufinder//mcu/
2025-03-19 19:30:55,925 [INFO] CrossReferenceDbSqlite:203 - Set database path to: /root/.stmcufinder/plugins/mcufinder//mcu/cs/
2025-03-19 19:30:55,977 [INFO] RulesReader:64 - Compatibility file has been processed (297 Rules)
2025-03-19 19:30:56,003 [INFO] DbMcusXml:78 - Set database path to: /opt/st/stm32cubeide_1.16.0/plugins/com.st.stm32cube.common.mx_6.12.0.202406281431//db//mcu/
2025-03-19 19:30:56,003 [INFO] ApiDb:274 - Set plugin database path to: /opt/st/stm32cubeide_1.16.0/plugins/com.st.stm32cube.common.mx_6.12.0.202406281431//db//plugins/boardmanager/
2025-03-19 19:30:56,003 [INFO] ApiDb:261 - Set plugin images path to: /opt/st/stm32cubeide_1.16.0/plugins/com.st.stm32cube.common.mx_6.12.0.202406281431//db//plugins/mcufinder/images/
2025-03-19 19:30:56,003 [WARN] DbFile:41 - Overriding database path with different value: /root/.stmcufinder/plugins/mcufinder/ => /root/.stmcufinder/plugins/mcufinder
2025-03-19 19:30:56,003 [INFO] ApiDb:250 - Set database path to: /root/.stmcufinder/plugins/mcufinder//mcu/
2025-03-19 19:30:56,004 [WARN] DbFile:41 - Overriding database path with different value: /root/.stmcufinder/plugins/mcufinder/ => /root/.stmcufinder/plugins/mcufinder
2025-03-19 19:30:56,004 [INFO] DbMcusAds:125 - Set database path to: /root/.stmcufinder/plugins/mcufinder//mcu/
2025-03-19 19:30:56,004 [WARN] DbFile:41 - Overriding database path with different value: /root/.stmcufinder/plugins/mcufinder/ => /root/.stmcufinder/plugins/mcufinder
2025-03-19 19:30:56,004 [WARN] DbFile:41 - Overriding database path with different value: /root/.stmcufinder/plugins/mcufinder/ => /root/.stmcufinder/plugins/mcufinder
2025-03-19 19:30:56,004 [INFO] CrossReferenceDbSqlite:203 - Set database path to: /root/.stmcufinder/plugins/mcufinder//mcu/cs/
2025-03-19 19:30:56,037 [INFO] MainPanel:268 - HeapMemory: 268435456
2025-03-19 19:30:56,137 [INFO] DbMcusXml:78 - Set database path to: /opt/st/stm32cubeide_1.16.0/plugins/com.st.stm32cube.common.mx_6.12.0.202406281431//db//mcu/
2025-03-19 19:30:56,137 [INFO] ApiDb:274 - Set plugin database path to: /opt/st/stm32cubeide_1.16.0/plugins/com.st.stm32cube.common.mx_6.12.0.202406281431//db//plugins/boardmanager/
2025-03-19 19:30:56,138 [INFO] ApiDb:261 - Set plugin images path to: /opt/st/stm32cubeide_1.16.0/plugins/com.st.stm32cube.common.mx_6.12.0.202406281431//db//plugins/mcufinder/images/
2025-03-19 19:30:56,138 [WARN] DbFile:41 - Overriding database path with different value: /root/.stmcufinder/plugins/mcufinder/ => /root/.stmcufinder/plugins/mcufinder
2025-03-19 19:30:56,138 [INFO] ApiDb:250 - Set database path to: /root/.stmcufinder/plugins/mcufinder//mcu/
2025-03-19 19:30:56,138 [WARN] DbFile:41 - Overriding database path with different value: /root/.stmcufinder/plugins/mcufinder/ => /root/.stmcufinder/plugins/mcufinder
2025-03-19 19:30:56,138 [INFO] DbMcusAds:125 - Set database path to: /root/.stmcufinder/plugins/mcufinder//mcu/
2025-03-19 19:30:56,138 [WARN] DbFile:41 - Overriding database path with different value: /root/.stmcufinder/plugins/mcufinder/ => /root/.stmcufinder/plugins/mcufinder
2025-03-19 19:30:56,138 [WARN] DbFile:41 - Overriding database path with different value: /root/.stmcufinder/plugins/mcufinder/ => /root/.stmcufinder/plugins/mcufinder
2025-03-19 19:30:56,138 [INFO] CrossReferenceDbSqlite:203 - Set database path to: /root/.stmcufinder/plugins/mcufinder//mcu/cs/
2025-03-19 19:30:56,146 [INFO] ApplicationProperties:184 - Using Application install path: /opt/st/stm32cubeide_1.16.0/plugins/com.st.stm32cube.common.mx_6.12.0.202406281431
2025-03-19 19:30:56,147 [INFO] PluginManage:196 - Search for loadable plugins [exclusion list=, ]
2025-03-19 19:30:56,148 [INFO] PluginManage:310 - Check plugin analytics
2025-03-19 19:30:56,217 [INFO] AnalyticsPlugin:253 - Accepted Software Licenses: 
2025-03-19 19:30:56,218 [INFO] AnalyticsPlugin:255 - Accepted CMSIS Pack Licenses: 
2025-03-19 19:30:56,218 [INFO] AnalyticsPlugin:257 - Accepted Firmware Licenses: 
2025-03-19 19:30:56,219 [INFO] PluginManage:359 - Loaded plugin analytics (category:tool,tabindex:-1)
2025-03-19 19:30:56,219 [INFO] PluginManage:310 - Check plugin cadmodel
2025-03-19 19:30:56,221 [INFO] CADModel:105 - Init CAD model plugin
2025-03-19 19:30:56,221 [INFO] PluginManage:359 - Loaded plugin cadmodel (category:power,tabindex:5)
2025-03-19 19:30:56,221 [INFO] PluginManage:310 - Check plugin clock
2025-03-19 19:30:56,224 [INFO] PluginManage:359 - Loaded plugin clock (category:base,tabindex:2)
2025-03-19 19:30:56,224 [INFO] PluginManage:310 - Check plugin ddr
2025-03-19 19:30:56,225 [INFO] PluginManage:359 - Loaded plugin ddr (category:tool,tabindex:6)
2025-03-19 19:30:56,225 [INFO] PluginManage:310 - Check plugin filemanager
2025-03-19 19:30:56,300 [INFO] PluginManage:359 - Loaded plugin filemanager (category:base,tabindex:10)
2025-03-19 19:30:56,300 [INFO] PluginManage:310 - Check plugin ipmanager
2025-03-19 19:30:56,302 [INFO] PluginManage:359 - Loaded plugin ipmanager (category:base,tabindex:5)
2025-03-19 19:30:56,303 [INFO] PluginManage:310 - Check plugin lpbam
2025-03-19 19:30:56,307 [INFO] PluginManage:359 - Loaded plugin lpbam (category:base,tabindex:0)
2025-03-19 19:30:56,307 [INFO] PluginManage:310 - Check plugin memorymap
2025-03-19 19:30:56,312 [INFO] PluginManage:359 - Loaded plugin memorymap (category:base,tabindex:4)
2025-03-19 19:30:56,312 [INFO] PluginManage:310 - Check plugin pinoutandconfiguration
2025-03-19 19:30:56,315 [INFO] PluginManage:359 - Loaded plugin pinoutandconfiguration (category:base,tabindex:1)
2025-03-19 19:30:56,315 [INFO] PluginManage:310 - Check plugin pinoutconfig
2025-03-19 19:30:56,370 [WARN] SupportedApi:132 - Cannot load RTOS API schema: s4s-elt-must-match.1: The content of 'definitions' must match (annotation?, (simpleType | complexType)?, (unique | key | keyref)*)). A problem was found starting at: attribute.
2025-03-19 19:30:56,439 [INFO] PluginManage:359 - Loaded plugin pinoutconfig (category:base,tabindex:0)
2025-03-19 19:30:56,440 [INFO] PluginManage:310 - Check plugin power
2025-03-19 19:30:56,444 [INFO] PluginManage:359 - Loaded plugin power (category:power,tabindex:4)
2025-03-19 19:30:56,444 [INFO] PluginManage:310 - Check plugin projectmanager
2025-03-19 19:30:56,452 [INFO] PluginManage:359 - Loaded plugin projectmanager (category:projectmanager,tabindex:4)
2025-03-19 19:30:56,453 [INFO] PluginManage:310 - Check plugin rif
2025-03-19 19:30:56,454 [INFO] PluginManage:359 - Loaded plugin rif (category:base,tabindex:3)
2025-03-19 19:30:56,454 [INFO] PluginManage:310 - Check plugin thirdparty
2025-03-19 19:30:56,512 [INFO] PluginManage:359 - Loaded plugin thirdparty (category:base,tabindex:-1)
2025-03-19 19:30:56,512 [WARN] IntegrityCheckThread:84 - waiting for thirdparty lock release [integrity check]
2025-03-19 19:30:56,512 [INFO] PluginManage:310 - Check plugin tools
2025-03-19 19:30:56,512 [INFO] IntegrityCheckThread:86 - entering critical section [integrity check]
2025-03-19 19:30:56,513 [INFO] ThirdPartyUpdaterWithRetryManager:70 - Updater plugin not ready yet. [1/15]
2025-03-19 19:30:56,514 [INFO] PluginManage:359 - Loaded plugin tools (category:base,tabindex:7)
2025-03-19 19:30:56,514 [INFO] PluginManage:310 - Check plugin tutovideos
2025-03-19 19:30:56,615 [INFO] PluginManage:359 - Loaded plugin tutovideos (category:base,tabindex:-1)
2025-03-19 19:30:56,615 [INFO] PluginManage:310 - Check plugin updater
2025-03-19 19:30:56,627 [INFO] PluginManage:359 - Loaded plugin updater (category:base,tabindex:12)
2025-03-19 19:30:56,627 [INFO] PluginManage:310 - Check plugin userauth
2025-03-19 19:30:56,630 [INFO] UserAuth:113 - Init User Auth plugin
2025-03-19 19:30:56,630 [INFO] PluginManage:359 - Loaded plugin userauth (category:base,tabindex:14)
2025-03-19 19:30:56,631 [INFO] PluginManage:283 - PluginManage : Loaded plugins [18]
2025-03-19 19:30:56,724 [INFO] PinOutPanel:1561 - setPackage(No Configuration,No Configuration)
2025-03-19 19:30:56,762 [INFO] CADModel:165 - CPN selected for project level
2025-03-19 19:30:56,762 [INFO] CADModel:114 - Register for checkConnection events
2025-03-19 19:30:56,766 [INFO] IPUIPlugin:80 - create IPUIPlugin
2025-03-19 19:30:56,767 [INFO] PluginManager:220 - loadIPPluginJar : add radio
2025-03-19 19:30:56,769 [INFO] IPUIPlugin:80 - create IPUIPlugin
2025-03-19 19:30:56,769 [INFO] PluginManager:220 - loadIPPluginJar : add freertos
2025-03-19 19:30:56,771 [INFO] IPUIPlugin:80 - create IPUIPlugin
2025-03-19 19:30:56,771 [INFO] PluginManager:220 - loadIPPluginJar : add extmemmanager
2025-03-19 19:30:56,772 [INFO] IPUIPlugin:80 - create IPUIPlugin
2025-03-19 19:30:56,772 [INFO] PluginManager:220 - loadIPPluginJar : add comp
2025-03-19 19:30:56,774 [INFO] IPUIPlugin:80 - create IPUIPlugin
2025-03-19 19:30:56,774 [INFO] PluginManager:220 - loadIPPluginJar : add fmc
2025-03-19 19:30:56,775 [INFO] IPUIPlugin:80 - create IPUIPlugin
2025-03-19 19:30:56,775 [INFO] PluginManager:220 - loadIPPluginJar : add tim
2025-03-19 19:30:56,778 [INFO] IPUIPlugin:80 - create IPUIPlugin
2025-03-19 19:30:56,778 [INFO] PluginManager:220 - loadIPPluginJar : add adc
2025-03-19 19:30:56,778 [INFO] IPUIPlugin:80 - create IPUIPlugin
2025-03-19 19:30:56,779 [INFO] PluginManager:220 - loadIPPluginJar : add hash
2025-03-19 19:30:56,780 [INFO] IPUIPlugin:80 - create IPUIPlugin
2025-03-19 19:30:56,780 [INFO] PluginManager:220 - loadIPPluginJar : add sai
2025-03-19 19:30:56,783 [INFO] IPUIPlugin:80 - create IPUIPlugin
2025-03-19 19:30:56,783 [INFO] PluginManager:220 - loadIPPluginJar : add linkedlist
2025-03-19 19:30:56,785 [INFO] IPUIPlugin:80 - create IPUIPlugin
2025-03-19 19:30:56,785 [INFO] PluginManager:220 - loadIPPluginJar : add gpio
2025-03-19 19:30:56,786 [INFO] IPUIPlugin:80 - create IPUIPlugin
2025-03-19 19:30:56,786 [INFO] PluginManager:220 - loadIPPluginJar : add i2s
2025-03-19 19:30:56,786 [INFO] IPUIPlugin:80 - create IPUIPlugin
2025-03-19 19:30:56,786 [INFO] PluginManager:220 - loadIPPluginJar : add ucpd
2025-03-19 19:30:56,787 [INFO] IPUIPlugin:80 - create IPUIPlugin
2025-03-19 19:30:56,787 [INFO] PluginManager:220 - loadIPPluginJar : add gtzc
2025-03-19 19:30:56,788 [INFO] IPUIPlugin:80 - create IPUIPlugin
2025-03-19 19:30:56,788 [INFO] PluginManager:220 - loadIPPluginJar : add fatfs
2025-03-19 19:30:56,788 [INFO] IPUIPlugin:80 - create IPUIPlugin
2025-03-19 19:30:56,788 [INFO] PluginManager:220 - loadIPPluginJar : add quadspi
2025-03-19 19:30:56,789 [INFO] IPUIPlugin:80 - create IPUIPlugin
2025-03-19 19:30:56,789 [INFO] PluginManager:220 - loadIPPluginJar : add tracer_emb
2025-03-19 19:30:56,790 [INFO] IPUIPlugin:80 - create IPUIPlugin
2025-03-19 19:30:56,790 [INFO] PluginManager:220 - loadIPPluginJar : add pdm2pcm
2025-03-19 19:30:56,791 [INFO] IPUIPlugin:80 - create IPUIPlugin
2025-03-19 19:30:56,791 [INFO] PluginManager:220 - loadIPPluginJar : add usart
2025-03-19 19:30:56,792 [INFO] IPUIPlugin:80 - create IPUIPlugin
2025-03-19 19:30:56,792 [INFO] PluginManager:220 - loadIPPluginJar : add spi
2025-03-19 19:30:56,793 [INFO] IPUIPlugin:80 - create IPUIPlugin
2025-03-19 19:30:56,793 [INFO] PluginManager:220 - loadIPPluginJar : add aes
2025-03-19 19:30:56,795 [INFO] IPUIPlugin:80 - create IPUIPlugin
2025-03-19 19:30:56,795 [INFO] PluginManager:220 - loadIPPluginJar : add mdma
2025-03-19 19:30:56,796 [INFO] IPUIPlugin:80 - create IPUIPlugin
2025-03-19 19:30:56,796 [INFO] PluginManager:220 - loadIPPluginJar : add resmgrutility
2025-03-19 19:30:56,797 [INFO] IPUIPlugin:80 - create IPUIPlugin
2025-03-19 19:30:56,797 [INFO] PluginManager:220 - loadIPPluginJar : add genericplugin
2025-03-19 19:30:56,800 [INFO] IPUIPlugin:80 - create IPUIPlugin
2025-03-19 19:30:56,801 [INFO] PluginManager:220 - loadIPPluginJar : add plateformsettings
2025-03-19 19:30:56,803 [INFO] IPUIPlugin:80 - create IPUIPlugin
2025-03-19 19:30:56,803 [INFO] PluginManager:220 - loadIPPluginJar : add usbx
2025-03-19 19:30:56,804 [INFO] IPUIPlugin:80 - create IPUIPlugin
2025-03-19 19:30:56,804 [INFO] PluginManager:220 - loadIPPluginJar : add opamp
2025-03-19 19:30:56,805 [INFO] IPUIPlugin:80 - create IPUIPlugin
2025-03-19 19:30:56,805 [INFO] PluginManager:220 - loadIPPluginJar : add i3c
2025-03-19 19:30:56,807 [INFO] IPUIPlugin:80 - create IPUIPlugin
2025-03-19 19:30:56,807 [INFO] PluginManager:220 - loadIPPluginJar : add gic
2025-03-19 19:30:56,808 [INFO] IPUIPlugin:80 - create IPUIPlugin
2025-03-19 19:30:56,808 [INFO] PluginManager:220 - loadIPPluginJar : add ddr_ctrl_phy
2025-03-19 19:30:56,809 [INFO] IPUIPlugin:80 - create IPUIPlugin
2025-03-19 19:30:56,809 [INFO] PluginManager:220 - loadIPPluginJar : add i2c
2025-03-19 19:30:56,811 [INFO] IPUIPlugin:80 - create IPUIPlugin
2025-03-19 19:30:56,811 [INFO] PluginManager:220 - loadIPPluginJar : add stm32_wpan
2025-03-19 19:30:56,812 [INFO] IPUIPlugin:80 - create IPUIPlugin
2025-03-19 19:30:56,812 [INFO] PluginManager:220 - loadIPPluginJar : add dfsdm
2025-03-19 19:30:56,812 [INFO] IPUIPlugin:80 - create IPUIPlugin
2025-03-19 19:30:56,813 [INFO] PluginManager:220 - loadIPPluginJar : add openamp
2025-03-19 19:30:56,815 [INFO] IPUIPlugin:80 - create IPUIPlugin
2025-03-19 19:30:56,815 [INFO] PluginManager:220 - loadIPPluginJar : add dma
2025-03-19 19:30:56,816 [INFO] IPUIPlugin:80 - create IPUIPlugin
2025-03-19 19:30:56,816 [INFO] PluginManager:220 - loadIPPluginJar : add ipddr
2025-03-19 19:30:56,817 [INFO] IPUIPlugin:80 - create IPUIPlugin
2025-03-19 19:30:56,817 [INFO] PluginManager:220 - loadIPPluginJar : add nvic
2025-03-19 19:30:56,818 [INFO] IPUIPlugin:80 - create IPUIPlugin
2025-03-19 19:30:56,818 [INFO] PluginManager:220 - loadIPPluginJar : add ts
2025-03-19 19:30:56,819 [INFO] IPUIPlugin:80 - create IPUIPlugin
2025-03-19 19:30:56,819 [INFO] PluginManager:220 - loadIPPluginJar : add touchsensing
2025-03-19 19:30:56,820 [INFO] IPUIPlugin:80 - create IPUIPlugin
2025-03-19 19:30:56,820 [INFO] PluginManager:220 - loadIPPluginJar : add dma3
2025-03-19 19:30:56,820 [INFO] IPUIPlugin:80 - create IPUIPlugin
2025-03-19 19:30:56,820 [INFO] PluginManager:220 - loadIPPluginJar : add tsc
2025-03-19 19:30:56,820 [INFO] IPUIPlugin:80 - create IPUIPlugin
2025-03-19 19:30:56,821 [INFO] PluginManager:220 - loadIPPluginJar : add ltdc
2025-03-19 19:30:56,821 [INFO] IPUIPlugin:80 - create IPUIPlugin
2025-03-19 19:30:56,821 [INFO] PluginManager:220 - loadIPPluginJar : add lorawan
2025-03-19 19:30:56,822 [INFO] IPUIPlugin:80 - create IPUIPlugin
2025-03-19 19:30:56,822 [INFO] PluginManager:220 - loadIPPluginJar : add gfxmmu
2025-03-19 19:30:56,823 [INFO] IPUIPlugin:80 - create IPUIPlugin
2025-03-19 19:30:56,823 [INFO] PluginManager:220 - loadIPPluginJar : add can
2025-03-19 19:30:56,823 [INFO] IPUIPlugin:80 - create IPUIPlugin
2025-03-19 19:30:56,824 [INFO] PluginManager:220 - loadIPPluginJar : add cryp
2025-03-19 19:30:56,908 [INFO] CADModel:165 - CPN selected for project level
2025-03-19 19:30:56,908 [INFO] CADModel:114 - Register for checkConnection events
2025-03-19 19:30:56,908 [FATAL] Updater:334 - Updater called before beeing initialized
2025-03-19 19:30:56,908 [ERROR] CADModel:125 - Updater not yet initialized, retry later 
2025-03-19 19:30:56,976 [INFO] CADModel:165 - CPN selected for project level
2025-03-19 19:30:56,976 [INFO] CADModel:114 - Register for checkConnection events
2025-03-19 19:30:56,976 [FATAL] Updater:334 - Updater called before beeing initialized
2025-03-19 19:30:56,977 [ERROR] CADModel:125 - Updater not yet initialized, retry later 
2025-03-19 19:30:56,978 [FATAL] Updater:334 - Updater called before beeing initialized
2025-03-19 19:30:57,017 [FATAL] Updater:334 - Updater called before beeing initialized
2025-03-19 19:30:57,019 [INFO] DbMcusAds:53 - JSON generation date=Thu Sep 30 08:55:09 CEST 2021 (1632984909247)
2025-03-19 19:30:57,019 [FATAL] Updater:334 - Updater called before beeing initialized
2025-03-19 19:30:57,038 [WARN] DetailPanel:346 - Failed to get advertising image, set to default
2025-03-19 19:30:57,093 [FATAL] Updater:334 - Updater called before beeing initialized
2025-03-19 19:30:57,094 [FATAL] Updater:334 - Updater called before beeing initialized
2025-03-19 19:30:57,094 [FATAL] Updater:334 - Updater called before beeing initialized
2025-03-19 19:30:57,094 [WARN] DetailPanel:346 - Failed to get advertising image, set to default
2025-03-19 19:30:57,095 [FATAL] Updater:334 - Updater called before beeing initialized
2025-03-19 19:30:57,114 [ERROR] Updater:1164 - MainUpdater not yet initialized. External WinMGr cannot be set.
2025-03-19 19:30:57,115 [INFO] Updater:1100 - Updater Version found : 6.12.0
2025-03-19 19:30:57,125 [INFO] ApplicationProperties:184 - Using Application install path: /opt/st/stm32cubeide_1.16.0/plugins/com.st.stm32cube.common.mx_6.12.0.202406281431
2025-03-19 19:30:57,142 [INFO] MainUpdater:526 - Copy updater definitions from MX database
2025-03-19 19:30:57,157 [INFO] MainUpdater:559 - Copy flag file definitions from MX database
2025-03-19 19:30:57,158 [INFO] MainUpdater:575 - Copy thirdparty index definitions from MX database
2025-03-19 19:30:57,158 [INFO] MainUpdater:594 - Copy default thirdparty db definitions from MX database
2025-03-19 19:30:57,268 [INFO] MainUpdater:2873 - connection check result : 10
2025-03-19 19:30:57,268 [INFO] MainUpdater:3567 - Updater definition file requires update
2025-03-19 19:30:57,268 [INFO] MainUpdater:290 - Updater Check For Update Now.
2025-03-19 19:30:57,268 [INFO] MicroXplorer:498 - Change Database Version : DB.6.0.120
2025-03-19 19:30:57,271 [INFO] McuFinderGlobals:63 - Set McuFinder mode to 2 (CubeIDE integrated)
2025-03-19 19:30:57,271 [INFO] UserAuth:179 - activating auth plugin
2025-03-19 19:30:57,272 [INFO] UserAuth:417 - Internet connection configuration mode: 1
2025-03-19 19:30:57,278 [INFO] JxBrowserEngine:152 - Initiate JxBrowser Engine with user profile folder
2025-03-19 19:30:57,345 [INFO] ServerAccessManage:473 - Download File updaters.zip
2025-03-19 19:30:57,416 [INFO] FileExtend:240 - Unzip File : updaters.zip
2025-03-19 19:30:57,416 [INFO] FileExtend:255 - Standard Zip Deflate
2025-03-19 19:30:57,550 [INFO] ServerAccessManage:473 - Download File PacksControlFlags.xml
2025-03-19 19:30:57,642 [INFO] ServerAccessManage:473 - Download File cubemx.pidx
2025-03-19 19:30:57,956 [INFO] ServerAccessManage:473 - Download File STMicroelectronics.FP-ATR-ASTRA1.pdsc
2025-03-19 19:30:58,185 [INFO] ServerAccessManage:473 - Download File STMicroelectronics.FP-ATR-SIGFOX1.pdsc
2025-03-19 19:30:58,247 [INFO] ServerAccessManage:473 - Download File STMicroelectronics.FP-SNS-STBOX1.pdsc
2025-03-19 19:30:58,293 [INFO] ServerAccessManage:473 - Download File STMicroelectronics.FP-SNS-FLIGHT1.pdsc
2025-03-19 19:30:58,419 [INFO] ServerAccessManage:473 - Download File STMicroelectronics.FP-SNS-MOTENV1.pdsc
2025-03-19 19:30:58,553 [INFO] ServerAccessManage:473 - Download File STMicroelectronics.FP-SNS-MOTENVWB1.pdsc
2025-03-19 19:30:58,670 [INFO] ServerAccessManage:473 - Download File STMicroelectronics.FP-SNS-SMARTAG2.pdsc
2025-03-19 19:30:58,730 [INFO] ServerAccessManage:473 - Download File STMicroelectronics.X-CUBE-AI.pdsc
2025-03-19 19:30:59,233 [INFO] ServerAccessManage:473 - Download File STMicroelectronics.X-CUBE-ALS.pdsc
2025-03-19 19:30:59,337 [INFO] ServerAccessManage:473 - Download File STMicroelectronics.X-CUBE-BLE1.pdsc
2025-03-19 19:30:59,513 [WARN] MainUpdater:1194 - Updater busy. Cannot search thirdparties
2025-03-19 19:30:59,513 [INFO] ThirdPartyUpdaterWithRetryManager:96 - Updater plugin is busy. [1/15]
2025-03-19 19:30:59,950 [ERROR] ServerAccessManage:1089 - Problem, file not found on Server
2025-03-19 19:30:59,970 [INFO] WebApp:167 - Instantiating new browser for Auth
2025-03-19 19:30:59,972 [INFO] ServerAccessManage:473 - Download File STMicroelectronics.X-CUBE-BLE2.pdsc
2025-03-19 19:31:00,203 [INFO] ServerAccessManage:473 - Download File STMicroelectronics.X-CUBE-BLEMGR.pdsc
2025-03-19 19:31:00,314 [ERROR] ServerAccessManage:1089 - Problem, file not found on Server
2025-03-19 19:31:00,384 [INFO] WebApp:448 - Apply proxy settings
2025-03-19 19:31:00,385 [INFO] WebApp:533 - Chromium requires no authentication
2025-03-19 19:31:00,390 [INFO] WebApp:476 - Direct internet connection detected
2025-03-19 19:31:00,401 [INFO] WebApp:869 - Register for checkConnection events
2025-03-19 19:31:00,402 [INFO] WebApp:448 - Apply proxy settings
2025-03-19 19:31:00,402 [INFO] WebApp:533 - Chromium requires no authentication
2025-03-19 19:31:00,402 [INFO] WebApp:476 - Direct internet connection detected
2025-03-19 19:31:00,475 [INFO] WebApp:220 - Starting web application
2025-03-19 19:31:00,475 [INFO] WebApp:578 - Web application path used /opt/st/stm32cubeide_1.16.0/plugins/com.st.stm32cube.common.mx_6.12.0.202406281431/db/plugins/mcufinder/reactClient1/index.html
2025-03-19 19:31:00,494 [INFO] ServerAccessManage:473 - Download File STMicroelectronics.X-CUBE-DISPLAY.pdsc
2025-03-19 19:31:00,698 [INFO] ServerAccessManage:473 - Download File STMicroelectronics.X-CUBE-DPOWER.pdsc
2025-03-19 19:31:00,722 [INFO] WebApp:186 - Connection restablished
2025-03-19 19:31:00,795 [ERROR] ServerAccessManage:1089 - Problem, file not found on Server
2025-03-19 19:31:00,942 [ERROR] ServerAccessManage:1089 - Problem, file not found on Server
2025-03-19 19:31:01,084 [ERROR] ServerAccessManage:1089 - Problem, file not found on Server
2025-03-19 19:31:01,158 [ERROR] ServerAccessManage:1089 - Problem, file not found on Server
2025-03-19 19:31:01,292 [ERROR] ServerAccessManage:1089 - Problem, file not found on Server
2025-03-19 19:31:01,363 [ERROR] ServerAccessManage:1089 - Problem, file not found on Server
2025-03-19 19:31:01,444 [ERROR] ServerAccessManage:1089 - Problem, file not found on Server
2025-03-19 19:31:01,508 [ERROR] ServerAccessManage:1089 - Problem, file not found on Server
2025-03-19 19:31:01,574 [ERROR] ServerAccessManage:1089 - Problem, file not found on Server
2025-03-19 19:31:01,699 [ERROR] ServerAccessManage:1089 - Problem, file not found on Server
2025-03-19 19:31:01,771 [ERROR] ServerAccessManage:1089 - Problem, file not found on Server
2025-03-19 19:31:01,804 [INFO] ServerAccessManage:473 - Download File STMicroelectronics.X-CUBE-EEPRMA1.pdsc
2025-03-19 19:31:01,945 [ERROR] ServerAccessManage:1089 - Problem, file not found on Server
2025-03-19 19:31:02,074 [ERROR] ServerAccessManage:1089 - Problem, file not found on Server
2025-03-19 19:31:02,199 [INFO] ServerAccessManage:473 - Download File STMicroelectronics.X-CUBE-FREERTOS.pdsc
2025-03-19 19:31:02,334 [INFO] ServerAccessManage:473 - Download File STMicroelectronics.X-CUBE-GNSS1.pdsc
2025-03-19 19:31:02,514 [WARN] MainUpdater:1194 - Updater busy. Cannot search thirdparties
2025-03-19 19:31:02,514 [INFO] ThirdPartyUpdaterWithRetryManager:96 - Updater plugin is busy. [2/15]
2025-03-19 19:31:02,716 [ERROR] ServerAccessManage:1089 - Problem, file not found on Server
2025-03-19 19:31:02,845 [ERROR] ServerAccessManage:1089 - Problem, file not found on Server
2025-03-19 19:31:02,930 [ERROR] ServerAccessManage:1089 - Problem, file not found on Server
2025-03-19 19:31:02,996 [ERROR] ServerAccessManage:1089 - Problem, file not found on Server
2025-03-19 19:31:03,130 [ERROR] ServerAccessManage:1089 - Problem, file not found on Server
2025-03-19 19:31:03,255 [ERROR] ServerAccessManage:1089 - Problem, file not found on Server
2025-03-19 19:31:03,275 [INFO] ServerAccessManage:473 - Download File STMicroelectronics.X-CUBE-ISPU.pdsc
2025-03-19 19:31:03,397 [INFO] ServerAccessManage:473 - Download File STMicroelectronics.X-CUBE-IPS.pdsc
2025-03-19 19:31:03,486 [INFO] ServerAccessManage:473 - Download File STMicroelectronics.X-CUBE-MEMS1.pdsc
2025-03-19 19:31:04,284 [INFO] ServerAccessManage:473 - Download File STMicroelectronics.X-CUBE-NFC4.pdsc
2025-03-19 19:31:04,649 [INFO] ServerAccessManage:473 - Download File STMicroelectronics.X-CUBE-NFC6.pdsc
2025-03-19 19:31:04,737 [INFO] ServerAccessManage:473 - Download File STMicroelectronics.X-CUBE-NFC7.pdsc
2025-03-19 19:31:04,808 [INFO] ServerAccessManage:473 - Download File STMicroelectronics.X-CUBE-NFC9.pdsc
2025-03-19 19:31:04,873 [INFO] ServerAccessManage:473 - Download File STMicroelectronics.X-CUBE-NFC10.pdsc
2025-03-19 19:31:04,927 [INFO] ServerAccessManage:473 - Download File STMicroelectronics.X-CUBE-SFXS2LP1.pdsc
2025-03-19 19:31:05,054 [INFO] ServerAccessManage:473 - Download File STMicroelectronics.X-CUBE-SAFEA1.pdsc
2025-03-19 19:31:05,124 [INFO] ServerAccessManage:473 - Download File STMicroelectronics.X-CUBE-SUBG2.pdsc
2025-03-19 19:31:05,435 [INFO] ServerAccessManage:473 - Download File STMicroelectronics.X-CUBE-SMBUS.pdsc
2025-03-19 19:31:05,514 [WARN] MainUpdater:1194 - Updater busy. Cannot search thirdparties
2025-03-19 19:31:05,514 [INFO] ThirdPartyUpdaterWithRetryManager:96 - Updater plugin is busy. [3/15]
2025-03-19 19:31:05,603 [ERROR] ServerAccessManage:1089 - Problem, file not found on Server
2025-03-19 19:31:05,629 [INFO] ServerAccessManage:473 - Download File STMicroelectronics.X-CUBE-TCPP.pdsc
2025-03-19 19:31:05,714 [INFO] ServerAccessManage:473 - Download File STMicroelectronics.X-CUBE-TOF1.pdsc
2025-03-19 19:31:06,016 [ERROR] ServerAccessManage:1089 - Problem, file not found on Server
2025-03-19 19:31:06,075 [INFO] ServerAccessManage:473 - Download File STMicroelectronics.X-CUBE-TOUCHGFX.pdsc
2025-03-19 19:31:07,116 [INFO] ServerAccessManage:473 - Download File STMicroelectronics.X-CUBE-ALGOBUILD.pdsc
2025-03-19 19:31:07,359 [INFO] ServerAccessManage:473 - Download File STMicroelectronics.X-CUBE-AZRTOS-H7.pdsc
2025-03-19 19:31:07,640 [INFO] ServerAccessManage:473 - Download File STMicroelectronics.X-CUBE-AZRTOS-H7RS.pdsc
2025-03-19 19:31:07,760 [INFO] ServerAccessManage:473 - Download File STMicroelectronics.X-CUBE-AZRTOS-F4.pdsc
2025-03-19 19:31:07,909 [INFO] ServerAccessManage:473 - Download File STMicroelectronics.X-CUBE-AZRTOS-F7.pdsc
2025-03-19 19:31:08,015 [INFO] ServerAccessManage:473 - Download File STMicroelectronics.X-CUBE-AZRTOS-L4.pdsc
2025-03-19 19:31:08,148 [INFO] ServerAccessManage:473 - Download File STMicroelectronics.X-CUBE-AZRTOS-L5.pdsc
2025-03-19 19:31:08,330 [INFO] ServerAccessManage:473 - Download File STMicroelectronics.X-CUBE-AZRTOS-G0.pdsc
2025-03-19 19:31:08,462 [INFO] ServerAccessManage:473 - Download File STMicroelectronics.X-CUBE-AZRTOS-G4.pdsc
2025-03-19 19:31:08,514 [WARN] MainUpdater:1194 - Updater busy. Cannot search thirdparties
2025-03-19 19:31:08,514 [INFO] ThirdPartyUpdaterWithRetryManager:96 - Updater plugin is busy. [4/15]
2025-03-19 19:31:08,602 [INFO] ServerAccessManage:473 - Download File STMicroelectronics.X-CUBE-AZRTOS-WB.pdsc
2025-03-19 19:31:08,712 [INFO] ServerAccessManage:473 - Download File STMicroelectronics.X-CUBE-AZRTOS-WL.pdsc
2025-03-19 19:31:08,868 [INFO] ServerAccessManage:473 - Download File STMicroelectronics.X-CUBE-WB05N.pdsc
2025-03-19 19:31:09,476 [INFO] ServerAccessManage:473 - Download File wolfSSL.I-CUBE-wolfSSL.pdsc
2025-03-19 19:31:11,515 [WARN] MainUpdater:1194 - Updater busy. Cannot search thirdparties
2025-03-19 19:31:11,515 [INFO] ThirdPartyUpdaterWithRetryManager:96 - Updater plugin is busy. [5/15]
2025-03-19 19:31:13,266 [ERROR] ServerAccessManage:1089 - Problem, file not found on Server
2025-03-19 19:31:13,637 [ERROR] ServerAccessManage:1089 - Problem, file not found on Server
2025-03-19 19:31:14,021 [ERROR] ServerAccessManage:1089 - Problem, file not found on Server
2025-03-19 19:31:14,128 [INFO] ServerAccessManage:473 - Download File wolfSSL.I-CUBE-wolfMQTT.pdsc
2025-03-19 19:31:14,515 [WARN] MainUpdater:1194 - Updater busy. Cannot search thirdparties
2025-03-19 19:31:14,515 [INFO] ThirdPartyUpdaterWithRetryManager:96 - Updater plugin is busy. [6/15]
2025-03-19 19:31:15,066 [ERROR] ServerAccessManage:1089 - Problem, file not found on Server
2025-03-19 19:31:15,172 [INFO] ServerAccessManage:473 - Download File wolfSSL.I-CUBE-wolfTPM.pdsc
2025-03-19 19:31:16,100 [INFO] ServerAccessManage:473 - Download File wolfSSL.I-CUBE-wolfSSH.pdsc
2025-03-19 19:31:17,074 [INFO] ServerAccessManage:473 - Download File RealThread.X-CUBE-RT-Thread_Nano.pdsc
2025-03-19 19:31:17,515 [WARN] MainUpdater:1194 - Updater busy. Cannot search thirdparties
2025-03-19 19:31:17,515 [INFO] ThirdPartyUpdaterWithRetryManager:96 - Updater plugin is busy. [7/15]
2025-03-19 19:31:18,231 [INFO] ServerAccessManage:473 - Download File SEGGER.I-CUBE-embOS.pdsc
2025-03-19 19:31:18,388 [INFO] ServerAccessManage:473 - Download File portGmbH.I-Cube-SoM-uGOAL.pdsc
2025-03-19 19:31:18,546 [ERROR] ServerAccessManage:1089 - Problem, file not found on Server
2025-03-19 19:31:18,561 [ERROR] ServerAccessManage:1089 - Problem, file not found on Server
2025-03-19 19:31:18,576 [ERROR] ServerAccessManage:1089 - Problem, file not found on Server
2025-03-19 19:31:18,754 [INFO] ServerAccessManage:473 - Download File emotas.I-CUBE-CANOPEN.pdsc
2025-03-19 19:31:19,556 [INFO] ServerAccessManage:473 - Download File WES.I-CUBE-Cesium.pdsc
2025-03-19 19:31:20,100 [ERROR] ServerAccessManage:1089 - Problem, file not found on Server
2025-03-19 19:31:20,365 [ERROR] ServerAccessManage:1089 - Problem, file not found on Server
2025-03-19 19:31:20,516 [WARN] MainUpdater:1194 - Updater busy. Cannot search thirdparties
2025-03-19 19:31:20,516 [INFO] ThirdPartyUpdaterWithRetryManager:96 - Updater plugin is busy. [8/15]
2025-03-19 19:31:21,120 [INFO] ServerAccessManage:473 - Download File ITTIA_DB.I-CUBE-ITTIADB.pdsc
2025-03-19 19:31:23,516 [WARN] MainUpdater:1194 - Updater busy. Cannot search thirdparties
2025-03-19 19:31:23,516 [INFO] ThirdPartyUpdaterWithRetryManager:96 - Updater plugin is busy. [9/15]
2025-03-19 19:31:24,626 [INFO] ServerAccessManage:473 - Download File Infineon.AIROC-Wi-Fi-Bluetooth-STM32.pdsc
2025-03-19 19:31:26,516 [WARN] MainUpdater:1194 - Updater busy. Cannot search thirdparties
2025-03-19 19:31:26,516 [INFO] ThirdPartyUpdaterWithRetryManager:96 - Updater plugin is busy. [10/15]
2025-03-19 19:31:28,299 [INFO] ServerAccessManage:473 - Download File Cesanta.I-CUBE-Mongoose.pdsc
2025-03-19 19:31:29,517 [WARN] MainUpdater:1194 - Updater busy. Cannot search thirdparties
2025-03-19 19:31:29,517 [INFO] ThirdPartyUpdaterWithRetryManager:96 - Updater plugin is busy. [11/15]
2025-03-19 19:31:29,731 [INFO] ServerAccessManage:473 - Download File EmbeddedOffice.I-CUBE-FS-RTOS.pdsc
2025-03-19 19:31:30,407 [INFO] ServerAccessManage:473 - Download File quantropi.X-CUBE-qispace-sdk-base.pdsc
2025-03-19 19:31:30,732 [WARN] PackLoader:240 - Cannot read IP mode file for STMicroelectronics.FP-ATR-ASTRA1.2.0.2
2025-03-19 19:31:30,735 [WARN] PackLoader:240 - Cannot read IP mode file for STMicroelectronics.FP-ATR-SIGFOX1.3.2.0
2025-03-19 19:31:30,736 [WARN] CheckServerUpdateThread:151 - Open CheckUpdateFile Fail
2025-03-19 19:31:30,740 [WARN] PackLoader:240 - Cannot read IP mode file for STMicroelectronics.FP-SNS-STBOX1.2.0.0
2025-03-19 19:31:30,745 [WARN] PopulateThirdPartyThread:106 - Error when creating pack: /root/.stm32cubemx/thirdparties/pdsc/STMicroelectronics.FP-SNS-FLIGHT1.pdsc
2025-03-19 19:31:30,748 [WARN] PackLoader:240 - Cannot read IP mode file for STMicroelectronics.FP-SNS-MOTENV1.5.0.0
2025-03-19 19:31:30,751 [WARN] PackLoader:240 - Cannot read IP mode file for STMicroelectronics.FP-SNS-MOTENVWB1.1.4.0
2025-03-19 19:31:30,754 [WARN] PackLoader:240 - Cannot read IP mode file for STMicroelectronics.FP-SNS-SMARTAG2.1.2.0
2025-03-19 19:31:30,755 [WARN] PackLoader:240 - Cannot read IP mode file for STMicroelectronics.X-CUBE-AI.10.0.0
2025-03-19 19:31:30,758 [WARN] PackLoader:240 - Cannot read IP mode file for STMicroelectronics.X-CUBE-ALS.1.0.2
2025-03-19 19:31:30,762 [WARN] PackLoader:240 - Cannot read IP mode file for STMicroelectronics.X-CUBE-BLE1.7.1.0
2025-03-19 19:31:30,765 [WARN] PackLoader:240 - Cannot read IP mode file for STMicroelectronics.X-CUBE-BLE2.3.3.0
2025-03-19 19:31:30,774 [WARN] PackLoader:240 - Cannot read IP mode file for STMicroelectronics.X-CUBE-BLEMGR.4.0.0
2025-03-19 19:31:30,782 [WARN] PackLoader:240 - Cannot read IP mode file for STMicroelectronics.X-CUBE-DISPLAY.3.0.0
2025-03-19 19:31:30,788 [WARN] PackLoader:240 - Cannot read IP mode file for STMicroelectronics.X-CUBE-DPower.1.2.0
2025-03-19 19:31:30,791 [WARN] PackLoader:240 - Cannot read IP mode file for STMicroelectronics.X-CUBE-EEPRMA1.5.1.0
2025-03-19 19:31:30,795 [WARN] PackLoader:240 - Cannot read IP mode file for STMicroelectronics.X-CUBE-FREERTOS.1.3.0
2025-03-19 19:31:30,800 [WARN] PackLoader:240 - Cannot read IP mode file for STMicroelectronics.X-CUBE-GNSS1.7.0.1
2025-03-19 19:31:30,802 [WARN] PackLoader:240 - Cannot read IP mode file for STMicroelectronics.X-CUBE-ISPU.2.1.0
2025-03-19 19:31:30,805 [WARN] PopulateThirdPartyThread:106 - Error when creating pack: /root/.stm32cubemx/thirdparties/pdsc/STMicroelectronics.X-CUBE-IPS.pdsc
2025-03-19 19:31:30,846 [WARN] PackLoader:240 - Cannot read IP mode file for STMicroelectronics.X-CUBE-MEMS1.11.1.0
2025-03-19 19:31:30,850 [INFO] CheckServerUpdateThread:120 - End of CheckServer Thread
2025-03-19 19:31:30,989 [WARN] PackLoader:240 - Cannot read IP mode file for STMicroelectronics.X-CUBE-NFC4.3.0.0
2025-03-19 19:31:30,995 [WARN] PackLoader:240 - Cannot read IP mode file for STMicroelectronics.X-CUBE-NFC6.3.1.0
2025-03-19 19:31:30,999 [WARN] PackLoader:240 - Cannot read IP mode file for STMicroelectronics.X-CUBE-NFC7.1.0.1
2025-03-19 19:31:31,003 [WARN] PackLoader:240 - Cannot read IP mode file for STMicroelectronics.X-CUBE-NFC9.1.0.0
2025-03-19 19:31:31,008 [WARN] PackLoader:240 - Cannot read IP mode file for STMicroelectronics.X-CUBE-NFC10.1.0.0
2025-03-19 19:31:31,013 [WARN] PackLoader:240 - Cannot read IP mode file for STMicroelectronics.X-CUBE-SFXS2LP1.4.0.0
2025-03-19 19:31:31,017 [WARN] PackLoader:240 - Cannot read IP mode file for STMicroelectronics.X-CUBE-SAFEA1.1.2.2
2025-03-19 19:31:31,023 [WARN] PackLoader:240 - Cannot read IP mode file for STMicroelectronics.X-CUBE-SUBG2.5.0.0
2025-03-19 19:31:31,029 [WARN] PackLoader:240 - Cannot read IP mode file for STMicroelectronics.X-CUBE-SMBUS.2.1.0
2025-03-19 19:31:31,031 [WARN] PopulateThirdPartyThread:106 - Error when creating pack: /root/.stm32cubemx/thirdparties/pdsc/STMicroelectronics.X-CUBE-TCPP.pdsc
2025-03-19 19:31:31,037 [WARN] PackLoader:240 - Cannot read IP mode file for STMicroelectronics.X-CUBE-TOF1.3.4.2
2025-03-19 19:31:31,046 [WARN] PackLoader:240 - Cannot read IP mode file for STMicroelectronics.X-CUBE-TOUCHGFX.4.25.0
2025-03-19 19:31:31,048 [WARN] PackLoader:240 - Cannot read IP mode file for STMicroelectronics.X-CUBE-ALGOBUILD.1.4.0
2025-03-19 19:31:31,056 [WARN] PackLoader:240 - Cannot read IP mode file for STMicroelectronics.X-CUBE-AZRTOS-H7.3.3.0
2025-03-19 19:31:31,070 [WARN] PackLoader:240 - Cannot read IP mode file for STMicroelectronics.X-CUBE-AZRTOS-H7RS.1.1.0
2025-03-19 19:31:31,078 [WARN] PackLoader:240 - Cannot read IP mode file for STMicroelectronics.X-CUBE-AZRTOS-F4.1.1.0
2025-03-19 19:31:31,085 [WARN] PackLoader:240 - Cannot read IP mode file for STMicroelectronics.X-CUBE-AZRTOS-F7.1.1.0
2025-03-19 19:31:31,093 [WARN] ConditionMgr:438 - getConditionDescription Invalid condition id : LAN8742 Phy interface Condition cause : null
2025-03-19 19:31:31,098 [WARN] PackLoader:240 - Cannot read IP mode file for STMicroelectronics.X-CUBE-AZRTOS-L4.2.0.0
2025-03-19 19:31:31,099 [WARN] ConditionMgr:1039 - genDependencies : Invalid condition id : LAN8742 Phy interface Condition cause : null
2025-03-19 19:31:31,099 [WARN] ConditionMgr:1039 - genDependencies : Invalid condition id : LAN8742 Phy interface Condition cause : null
2025-03-19 19:31:31,100 [WARN] ConditionMgr:1039 - genDependencies : Invalid condition id : LAN8742 Phy interface Condition cause : null
2025-03-19 19:31:31,108 [WARN] PackLoader:240 - Cannot read IP mode file for STMicroelectronics.X-CUBE-AZRTOS-L5.2.0.0
2025-03-19 19:31:31,115 [WARN] PackLoader:240 - Cannot read IP mode file for STMicroelectronics.X-CUBE-AZRTOS-G0.1.1.0
2025-03-19 19:31:31,121 [WARN] PackLoader:240 - Cannot read IP mode file for STMicroelectronics.X-CUBE-AZRTOS-G4.2.0.0
2025-03-19 19:31:31,126 [WARN] ConditionMgr:438 - getConditionDescription Invalid condition id : UX DEVICE CLASS RTOS Condition cause : null
2025-03-19 19:31:31,126 [WARN] ConditionMgr:438 - getConditionDescription Invalid condition id : UX DEVICE CLASS RTOS Condition cause : null
2025-03-19 19:31:31,127 [WARN] PackLoader:240 - Cannot read IP mode file for STMicroelectronics.X-CUBE-AZRTOS-WB.2.0.0
2025-03-19 19:31:31,128 [WARN] ConditionMgr:1039 - genDependencies : Invalid condition id : UX DEVICE CLASS RTOS Condition cause : null
2025-03-19 19:31:31,128 [WARN] ConditionMgr:1039 - genDependencies : Invalid condition id : UX DEVICE CLASS RTOS Condition cause : null
2025-03-19 19:31:31,128 [WARN] ConditionMgr:1039 - genDependencies : Invalid condition id : UX DEVICE CLASS RTOS Condition cause : null
2025-03-19 19:31:31,128 [WARN] ConditionMgr:1039 - genDependencies : Invalid condition id : UX DEVICE CLASS RTOS Condition cause : null
2025-03-19 19:31:31,128 [WARN] ConditionMgr:1039 - genDependencies : Invalid condition id : UX DEVICE CLASS RTOS Condition cause : null
2025-03-19 19:31:31,132 [INFO] LogOutputStream:77 - [STDOUT_REDIRECT] 1 : Invalid condition id : UX_CORESTACK_Condition cause : null
2025-03-19 19:31:31,132 [INFO] LogOutputStream:77 - [STDOUT_REDIRECT] 1 : Invalid condition id : UX_CORESTACK_Condition cause : null
2025-03-19 19:31:31,132 [INFO] LogOutputStream:77 - [STDOUT_REDIRECT] 1 : Invalid condition id : UX_CORESTACK_Condition cause : null
2025-03-19 19:31:31,132 [INFO] LogOutputStream:77 - [STDOUT_REDIRECT] 1 : Invalid condition id : UX_CORESTACK_Condition cause : null
2025-03-19 19:31:31,132 [INFO] LogOutputStream:77 - [STDOUT_REDIRECT] 1 : Invalid condition id : UX_CORESTACK_Condition cause : null
2025-03-19 19:31:31,134 [WARN] PackLoader:240 - Cannot read IP mode file for STMicroelectronics.X-CUBE-AZRTOS-WL.2.0.0
2025-03-19 19:31:31,136 [WARN] PackLoader:240 - Cannot read IP mode file for STMicroelectronics.X-CUBE-WB05N.1.1.0
2025-03-19 19:31:31,137 [WARN] PackLoader:240 - Cannot read IP mode file for wolfSSL.I-CUBE-wolfSSL.5.7.6
2025-03-19 19:31:31,138 [WARN] PackLoader:240 - Cannot read IP mode file for wolfSSL.I-CUBE-wolfMQTT.1.19.2
2025-03-19 19:31:31,139 [WARN] PackLoader:240 - Cannot read IP mode file for wolfSSL.I-CUBE-wolfTPM.3.8.0
2025-03-19 19:31:31,139 [WARN] PackLoader:240 - Cannot read IP mode file for wolfSSL.I-CUBE-wolfSSH.1.4.20
2025-03-19 19:31:31,140 [WARN] PackLoader:240 - Cannot read IP mode file for RealThread.X-CUBE-RT-Thread_Nano.4.1.1
2025-03-19 19:31:31,152 [WARN] PackLoader:240 - Cannot read IP mode file for SEGGER.I-CUBE-embOS.1.3.1
2025-03-19 19:31:31,171 [WARN] PackLoader:240 - Cannot read IP mode file for portGmbH.I-Cube-SoM-uGOAL.1.1.0
2025-03-19 19:31:31,172 [WARN] PackLoader:240 - Cannot read IP mode file for emotas.I-CUBE-CANOPEN.1.3.0
2025-03-19 19:31:31,174 [WARN] PackLoader:240 - Cannot read IP mode file for WES.I-CUBE-Cesium.1.3.0
2025-03-19 19:31:31,175 [WARN] PackLoader:240 - Cannot read IP mode file for ITTIA_DB.I-CUBE-ITTIADB.8.9.0
2025-03-19 19:31:31,182 [WARN] PackLoader:240 - Cannot read IP mode file for Infineon.AIROC-Wi-Fi-Bluetooth-STM32.1.7.0
2025-03-19 19:31:31,184 [WARN] PackLoader:240 - Cannot read IP mode file for Cesanta.I-CUBE-Mongoose.7.13.0
2025-03-19 19:31:31,187 [WARN] PackLoader:240 - Cannot read IP mode file for EmbeddedOffice.I-CUBE-FS-RTOS.1.0.1
2025-03-19 19:31:31,187 [ERROR] ConditionMgr:805 - Attr not supported : Dmpu
2025-03-19 19:31:31,187 [ERROR] ConditionMgr:805 - Attr not supported : Dmpu
2025-03-19 19:31:31,187 [ERROR] ConditionMgr:805 - Attr not supported : Dmpu
2025-03-19 19:31:31,187 [ERROR] ConditionMgr:805 - Attr not supported : Dmpu
2025-03-19 19:31:31,187 [ERROR] ConditionMgr:805 - Attr not supported : Dmpu
2025-03-19 19:31:31,187 [ERROR] ConditionMgr:805 - Attr not supported : Dmpu
2025-03-19 19:31:31,187 [ERROR] ConditionMgr:805 - Attr not supported : Dmpu
2025-03-19 19:31:31,187 [ERROR] ConditionMgr:805 - Attr not supported : Dmpu
2025-03-19 19:31:31,187 [ERROR] ConditionMgr:805 - Attr not supported : Dmpu
2025-03-19 19:31:31,187 [ERROR] ConditionMgr:805 - Attr not supported : Dmpu
2025-03-19 19:31:31,187 [ERROR] ConditionMgr:805 - Attr not supported : Dmpu
2025-03-19 19:31:31,187 [ERROR] ConditionMgr:805 - Attr not supported : Dmpu
2025-03-19 19:31:31,187 [ERROR] ConditionMgr:805 - Attr not supported : Dmpu
2025-03-19 19:31:31,187 [ERROR] ConditionMgr:805 - Attr not supported : Dmpu
2025-03-19 19:31:31,187 [ERROR] ConditionMgr:805 - Attr not supported : Dmpu
2025-03-19 19:31:31,187 [ERROR] ConditionMgr:805 - Attr not supported : Dmpu
2025-03-19 19:31:31,187 [ERROR] ConditionMgr:805 - Attr not supported : Dmpu
2025-03-19 19:31:31,187 [ERROR] ConditionMgr:805 - Attr not supported : Dmpu
2025-03-19 19:31:31,187 [ERROR] ConditionMgr:805 - Attr not supported : Dmpu
2025-03-19 19:31:31,187 [ERROR] ConditionMgr:805 - Attr not supported : Dmpu
2025-03-19 19:31:31,188 [ERROR] ConditionMgr:805 - Attr not supported : Dmpu
2025-03-19 19:31:31,188 [ERROR] ConditionMgr:805 - Attr not supported : Dmpu
2025-03-19 19:31:31,188 [ERROR] ConditionMgr:805 - Attr not supported : Dmpu
2025-03-19 19:31:31,188 [ERROR] ConditionMgr:805 - Attr not supported : Dmpu
2025-03-19 19:31:31,188 [ERROR] ConditionMgr:805 - Attr not supported : Dmpu
2025-03-19 19:31:31,188 [ERROR] ConditionMgr:805 - Attr not supported : Dmpu
2025-03-19 19:31:31,188 [ERROR] ConditionMgr:805 - Attr not supported : Dmpu
2025-03-19 19:31:31,188 [ERROR] ConditionMgr:805 - Attr not supported : Dmpu
2025-03-19 19:31:31,188 [ERROR] ConditionMgr:805 - Attr not supported : Dmpu
2025-03-19 19:31:31,188 [ERROR] ConditionMgr:805 - Attr not supported : Dmpu
2025-03-19 19:31:31,188 [ERROR] ConditionMgr:805 - Attr not supported : Dmpu
2025-03-19 19:31:31,188 [ERROR] ConditionMgr:805 - Attr not supported : Dmpu
2025-03-19 19:31:31,188 [ERROR] ConditionMgr:805 - Attr not supported : Dmpu
2025-03-19 19:31:31,188 [ERROR] ConditionMgr:805 - Attr not supported : Dmpu
2025-03-19 19:31:31,188 [ERROR] ConditionMgr:805 - Attr not supported : Dmpu
2025-03-19 19:31:31,188 [ERROR] ConditionMgr:805 - Attr not supported : Dmpu
2025-03-19 19:31:31,188 [ERROR] ConditionMgr:805 - Attr not supported : Dmpu
2025-03-19 19:31:31,188 [ERROR] ConditionMgr:805 - Attr not supported : Dmpu
2025-03-19 19:31:31,188 [ERROR] ConditionMgr:805 - Attr not supported : Dmpu
2025-03-19 19:31:31,188 [ERROR] ConditionMgr:805 - Attr not supported : Dmpu
2025-03-19 19:31:31,188 [ERROR] ConditionMgr:805 - Attr not supported : Dmpu
2025-03-19 19:31:31,188 [ERROR] ConditionMgr:805 - Attr not supported : Dmpu
2025-03-19 19:31:31,188 [ERROR] ConditionMgr:805 - Attr not supported : Dmpu
2025-03-19 19:31:31,188 [ERROR] ConditionMgr:805 - Attr not supported : Dmpu
2025-03-19 19:31:31,188 [ERROR] ConditionMgr:805 - Attr not supported : Dmpu
2025-03-19 19:31:31,188 [ERROR] ConditionMgr:805 - Attr not supported : Dmpu
2025-03-19 19:31:31,188 [ERROR] ConditionMgr:805 - Attr not supported : Dmpu
2025-03-19 19:31:31,188 [ERROR] ConditionMgr:805 - Attr not supported : Dmpu
2025-03-19 19:31:31,188 [ERROR] ConditionMgr:805 - Attr not supported : Dmpu
2025-03-19 19:31:31,188 [ERROR] ConditionMgr:805 - Attr not supported : Dmpu
2025-03-19 19:31:31,188 [ERROR] ConditionMgr:805 - Attr not supported : Dmpu
2025-03-19 19:31:31,188 [ERROR] ConditionMgr:805 - Attr not supported : Dmpu
2025-03-19 19:31:31,188 [ERROR] ConditionMgr:805 - Attr not supported : Dmpu
2025-03-19 19:31:31,188 [ERROR] ConditionMgr:805 - Attr not supported : Dmpu
2025-03-19 19:31:31,188 [ERROR] ConditionMgr:805 - Attr not supported : Dmpu
2025-03-19 19:31:31,188 [ERROR] ConditionMgr:805 - Attr not supported : Dmpu
2025-03-19 19:31:31,188 [ERROR] ConditionMgr:805 - Attr not supported : Dmpu
2025-03-19 19:31:31,188 [ERROR] ConditionMgr:805 - Attr not supported : Dmpu
2025-03-19 19:31:31,188 [ERROR] ConditionMgr:805 - Attr not supported : Dmpu
2025-03-19 19:31:31,189 [ERROR] ConditionMgr:805 - Attr not supported : Dmpu
2025-03-19 19:31:31,189 [ERROR] ConditionMgr:805 - Attr not supported : Dmpu
2025-03-19 19:31:31,189 [ERROR] ConditionMgr:805 - Attr not supported : Dmpu
2025-03-19 19:31:31,189 [ERROR] ConditionMgr:805 - Attr not supported : Dmpu
2025-03-19 19:31:31,189 [ERROR] ConditionMgr:805 - Attr not supported : Dmpu
2025-03-19 19:31:31,189 [WARN] ConditionMgr:438 - getConditionDescription Invalid condition id : Cortex-A Device cause : null
2025-03-19 19:31:31,193 [WARN] ConditionMgr:1039 - genDependencies : Invalid condition id : Cortex-A Device cause : null
2025-03-19 19:31:31,193 [WARN] ConditionMgr:1039 - genDependencies : Invalid condition id : Cortex-A Device cause : null
2025-03-19 19:31:31,193 [WARN] ConditionMgr:1039 - genDependencies : Invalid condition id : Cortex-A Device cause : null
2025-03-19 19:31:31,193 [INFO] PopulateThirdPartyThread:66 - Ending populate Thread
2025-03-19 19:31:31,195 [INFO] ThirdParty:1030 - CMSIS Pack Vendor :STMicroelectronics X-CUBE-AZRTOS-H7 3.3.0
2025-03-19 19:31:31,195 [INFO] ThirdParty:1030 - CMSIS Pack Vendor :STMicroelectronics X-CUBE-NFC9 1.0.0
2025-03-19 19:31:31,195 [INFO] ThirdParty:1030 - CMSIS Pack Vendor :STMicroelectronics FP-SNS-MOTENVWB1 1.4.0
2025-03-19 19:31:31,195 [INFO] ThirdParty:1030 - CMSIS Pack Vendor :STMicroelectronics X-CUBE-AZRTOS-F4 1.1.0
2025-03-19 19:31:31,195 [INFO] ThirdParty:1030 - CMSIS Pack Vendor :STMicroelectronics FP-ATR-ASTRA1 2.0.2
2025-03-19 19:31:31,195 [INFO] ThirdParty:1030 - CMSIS Pack Vendor :STMicroelectronics X-CUBE-BLE1 7.1.0
2025-03-19 19:31:31,195 [INFO] ThirdParty:1030 - CMSIS Pack Vendor :STMicroelectronics X-CUBE-SMBUS 2.1.0
2025-03-19 19:31:31,195 [INFO] ThirdParty:1030 - CMSIS Pack Vendor :STMicroelectronics X-CUBE-WB05N 1.1.0
2025-03-19 19:31:31,195 [INFO] ThirdParty:1030 - CMSIS Pack Vendor :wolfSSL I-CUBE-wolfMQTT 1.19.2
2025-03-19 19:31:31,195 [INFO] ThirdParty:1030 - CMSIS Pack Vendor :STMicroelectronics X-CUBE-ISPU 2.1.0
2025-03-19 19:31:31,195 [INFO] ThirdParty:1030 - CMSIS Pack Vendor :STMicroelectronics X-CUBE-AZRTOS-WB 2.0.0
2025-03-19 19:31:31,195 [INFO] ThirdParty:1030 - CMSIS Pack Vendor :STMicroelectronics X-CUBE-GNSS1 7.0.1
2025-03-19 19:31:31,195 [INFO] ThirdParty:1030 - CMSIS Pack Vendor :STMicroelectronics X-CUBE-TOUCHGFX 4.25.0
2025-03-19 19:31:31,195 [INFO] ThirdParty:1030 - CMSIS Pack Vendor :STMicroelectronics X-CUBE-AZRTOS-F7 1.1.0
2025-03-19 19:31:31,195 [INFO] ThirdParty:1030 - CMSIS Pack Vendor :STMicroelectronics X-CUBE-AZRTOS-L5 2.0.0
2025-03-19 19:31:31,195 [INFO] ThirdParty:1030 - CMSIS Pack Vendor :STMicroelectronics X-CUBE-NFC6 3.1.0
2025-03-19 19:31:31,195 [INFO] ThirdParty:1030 - CMSIS Pack Vendor :STMicroelectronics FP-SNS-STBOX1 2.0.0
2025-03-19 19:31:31,195 [INFO] ThirdParty:1030 - CMSIS Pack Vendor :STMicroelectronics X-CUBE-AZRTOS-G0 1.1.0
2025-03-19 19:31:31,195 [INFO] ThirdParty:1030 - CMSIS Pack Vendor :STMicroelectronics X-CUBE-DPower 1.2.0
2025-03-19 19:31:31,195 [INFO] ThirdParty:1030 - CMSIS Pack Vendor :STMicroelectronics X-CUBE-NFC4 3.0.0
2025-03-19 19:31:31,195 [INFO] ThirdParty:1030 - CMSIS Pack Vendor :STMicroelectronics X-CUBE-SAFEA1 1.2.2
2025-03-19 19:31:31,195 [INFO] ThirdParty:1030 - CMSIS Pack Vendor :STMicroelectronics X-CUBE-SUBG2 5.0.0
2025-03-19 19:31:31,195 [INFO] ThirdParty:1030 - CMSIS Pack Vendor :STMicroelectronics X-CUBE-AZRTOS-H7RS 1.1.0
2025-03-19 19:31:31,195 [INFO] ThirdParty:1030 - CMSIS Pack Vendor :EmbeddedOffice I-CUBE-FS-RTOS 1.0.1
2025-03-19 19:31:31,195 [INFO] ThirdParty:1030 - CMSIS Pack Vendor :Cesanta I-CUBE-Mongoose 7.13.0
2025-03-19 19:31:31,195 [INFO] ThirdParty:1030 - CMSIS Pack Vendor :Infineon AIROC-Wi-Fi-Bluetooth-STM32 1.7.0
2025-03-19 19:31:31,195 [INFO] ThirdParty:1030 - CMSIS Pack Vendor :STMicroelectronics X-CUBE-AZRTOS-G4 2.0.0
2025-03-19 19:31:31,195 [INFO] ThirdParty:1030 - CMSIS Pack Vendor :wolfSSL I-CUBE-wolfTPM 3.8.0
2025-03-19 19:31:31,195 [INFO] ThirdParty:1030 - CMSIS Pack Vendor :STMicroelectronics X-CUBE-DISPLAY 3.0.0
2025-03-19 19:31:31,195 [INFO] ThirdParty:1030 - CMSIS Pack Vendor :wolfSSL I-CUBE-wolfSSH 1.4.20
2025-03-19 19:31:31,195 [INFO] ThirdParty:1030 - CMSIS Pack Vendor :RealThread X-CUBE-RT-Thread_Nano 4.1.1
2025-03-19 19:31:31,195 [INFO] ThirdParty:1030 - CMSIS Pack Vendor :STMicroelectronics FP-ATR-SIGFOX1 3.2.0
2025-03-19 19:31:31,195 [INFO] ThirdParty:1030 - CMSIS Pack Vendor :STMicroelectronics X-CUBE-NFC10 1.0.0
2025-03-19 19:31:31,195 [INFO] ThirdParty:1030 - CMSIS Pack Vendor :STMicroelectronics X-CUBE-BLEMGR 4.0.0
2025-03-19 19:31:31,195 [INFO] ThirdParty:1030 - CMSIS Pack Vendor :STMicroelectronics X-CUBE-EEPRMA1 5.1.0
2025-03-19 19:31:31,195 [INFO] ThirdParty:1030 - CMSIS Pack Vendor :STMicroelectronics X-CUBE-ALS 1.0.2
2025-03-19 19:31:31,195 [INFO] ThirdParty:1030 - CMSIS Pack Vendor :STMicroelectronics X-CUBE-FREERTOS 1.3.0
2025-03-19 19:31:31,195 [INFO] ThirdParty:1030 - CMSIS Pack Vendor :emotas I-CUBE-CANOPEN 1.3.0
2025-03-19 19:31:31,195 [INFO] ThirdParty:1030 - CMSIS Pack Vendor :STMicroelectronics X-CUBE-NFC7 1.0.1
2025-03-19 19:31:31,196 [INFO] ThirdParty:1030 - CMSIS Pack Vendor :wolfSSL I-CUBE-wolfSSL 5.7.6
2025-03-19 19:31:31,196 [INFO] ThirdParty:1030 - CMSIS Pack Vendor :ITTIA_DB I-CUBE-ITTIADB 8.9.0
2025-03-19 19:31:31,196 [INFO] ThirdParty:1030 - CMSIS Pack Vendor :portGmbH I-Cube-SoM-uGOAL 1.1.0
2025-03-19 19:31:31,196 [INFO] ThirdParty:1030 - CMSIS Pack Vendor :STMicroelectronics X-CUBE-AI 10.0.0
2025-03-19 19:31:31,196 [INFO] ThirdParty:1030 - CMSIS Pack Vendor :quantropi X-CUBE-qispace-sdk-base 2.0.0
2025-03-19 19:31:31,196 [INFO] ThirdParty:1030 - CMSIS Pack Vendor :STMicroelectronics FP-SNS-SMARTAG2 1.2.0
2025-03-19 19:31:31,196 [INFO] ThirdParty:1030 - CMSIS Pack Vendor :STMicroelectronics X-CUBE-MEMS1 11.1.0
2025-03-19 19:31:31,196 [INFO] ThirdParty:1030 - CMSIS Pack Vendor :STMicroelectronics X-CUBE-AZRTOS-WL 2.0.0
2025-03-19 19:31:31,196 [INFO] ThirdParty:1030 - CMSIS Pack Vendor :SEGGER I-CUBE-embOS 1.3.1
2025-03-19 19:31:31,196 [INFO] ThirdParty:1030 - CMSIS Pack Vendor :STMicroelectronics X-CUBE-ALGOBUILD 1.4.0
2025-03-19 19:31:31,196 [INFO] ThirdParty:1030 - CMSIS Pack Vendor :STMicroelectronics FP-SNS-MOTENV1 5.0.0
2025-03-19 19:31:31,196 [INFO] ThirdParty:1030 - CMSIS Pack Vendor :STMicroelectronics X-CUBE-AZRTOS-L4 2.0.0
2025-03-19 19:31:31,196 [INFO] ThirdParty:1030 - CMSIS Pack Vendor :WES I-CUBE-Cesium 1.3.0
2025-03-19 19:31:31,196 [INFO] ThirdParty:1030 - CMSIS Pack Vendor :STMicroelectronics X-CUBE-SFXS2LP1 4.0.0
2025-03-19 19:31:31,196 [INFO] ThirdParty:1030 - CMSIS Pack Vendor :STMicroelectronics X-CUBE-BLE2 3.3.0
2025-03-19 19:31:31,196 [INFO] ThirdParty:1030 - CMSIS Pack Vendor :STMicroelectronics X-CUBE-TOF1 3.4.2
2025-03-19 19:31:31,197 [INFO] LoadServerUpdatesThread:375 - End of LoadServerUpdate Thread
2025-03-19 19:31:32,571 [WARN] PackLoader:240 - Cannot read IP mode file for STMicroelectronics.FP-SNS-MOTENVWB1.1.4.0
2025-03-19 19:31:32,573 [WARN] PackLoader:240 - Cannot read IP mode file for STMicroelectronics.FP-ATR-ASTRA1.2.0.2
2025-03-19 19:31:32,574 [WARN] PackLoader:240 - Cannot read IP mode file for STMicroelectronics.X-CUBE-SMBUS.2.1.0
2025-03-19 19:31:32,575 [WARN] PackLoader:240 - Cannot read IP mode file for STMicroelectronics.X-CUBE-WB05N.1.1.0
2025-03-19 19:31:32,582 [WARN] PackLoader:240 - Cannot read IP mode file for STMicroelectronics.X-CUBE-AZRTOS-F7.1.1.0
2025-03-19 19:31:32,590 [WARN] PackLoader:240 - Cannot read IP mode file for Infineon.AIROC-Wi-Fi-Bluetooth-STM32.1.7.0
2025-03-19 19:31:32,594 [WARN] PackLoader:240 - Cannot read IP mode file for STMicroelectronics.X-CUBE-DISPLAY.3.0.0
2025-03-19 19:31:32,597 [WARN] PackLoader:240 - Cannot read IP mode file for STMicroelectronics.X-CUBE-NFC10.1.0.0
2025-03-19 19:31:32,601 [WARN] PackLoader:240 - Cannot read IP mode file for STMicroelectronics.X-CUBE-BLEMGR.4.0.0
2025-03-19 19:31:32,603 [WARN] PackLoader:240 - Cannot read IP mode file for emotas.I-CUBE-CANOPEN.1.3.0
2025-03-19 19:31:32,604 [WARN] ConditionMgr:438 - getConditionDescription Invalid condition id : Cortex-A Device cause : null
2025-03-19 19:31:32,606 [WARN] ConditionMgr:1039 - genDependencies : Invalid condition id : Cortex-A Device cause : null
2025-03-19 19:31:32,606 [WARN] ConditionMgr:1039 - genDependencies : Invalid condition id : Cortex-A Device cause : null
2025-03-19 19:31:32,606 [WARN] ConditionMgr:1039 - genDependencies : Invalid condition id : Cortex-A Device cause : null
2025-03-19 19:31:32,607 [WARN] PackLoader:240 - Cannot read IP mode file for STMicroelectronics.X-CUBE-AI.10.0.0
2025-03-19 19:31:32,608 [WARN] PackLoader:240 - Cannot read IP mode file for STMicroelectronics.FP-SNS-SMARTAG2.1.2.0
2025-03-19 19:31:32,609 [ERROR] Engine:466 - /root/.stm32cubemx/thirdparties/pdsc/STMicroelectronics.FP-SNS-FLIGHT1.5.1.0.pdsc: PDSC version is not supported
2025-03-19 19:31:32,636 [WARN] PackLoader:240 - Cannot read IP mode file for STMicroelectronics.X-CUBE-MEMS1.11.1.0
2025-03-19 19:31:32,691 [INFO] LogOutputStream:77 - [STDOUT_REDIRECT] 1 : Invalid condition id : UX_CORESTACK_Condition cause : null
2025-03-19 19:31:32,691 [INFO] LogOutputStream:77 - [STDOUT_REDIRECT] 1 : Invalid condition id : UX_CORESTACK_Condition cause : null
2025-03-19 19:31:32,691 [INFO] LogOutputStream:77 - [STDOUT_REDIRECT] 1 : Invalid condition id : UX_CORESTACK_Condition cause : null
2025-03-19 19:31:32,691 [INFO] LogOutputStream:77 - [STDOUT_REDIRECT] 1 : Invalid condition id : UX_CORESTACK_Condition cause : null
2025-03-19 19:31:32,692 [INFO] LogOutputStream:77 - [STDOUT_REDIRECT] 1 : Invalid condition id : UX_CORESTACK_Condition cause : null
2025-03-19 19:31:32,693 [WARN] PackLoader:240 - Cannot read IP mode file for STMicroelectronics.X-CUBE-AZRTOS-WL.2.0.0
2025-03-19 19:31:32,695 [WARN] PackLoader:240 - Cannot read IP mode file for STMicroelectronics.FP-SNS-MOTENV1.5.0.0
2025-03-19 19:31:32,697 [WARN] PackLoader:240 - Cannot read IP mode file for WES.I-CUBE-Cesium.1.3.0
2025-03-19 19:31:32,698 [WARN] PackLoader:240 - Cannot read IP mode file for STMicroelectronics.X-CUBE-BLE2.3.3.0
2025-03-19 19:31:32,700 [WARN] PackLoader:240 - Cannot read IP mode file for STMicroelectronics.X-CUBE-NFC9.1.0.0
2025-03-19 19:31:32,701 [WARN] PackLoader:240 - Cannot read IP mode file for STMicroelectronics.X-CUBE-BLE1.7.1.0
2025-03-19 19:31:32,702 [WARN] PackLoader:240 - Cannot read IP mode file for wolfSSL.I-CUBE-wolfMQTT.1.19.2
2025-03-19 19:31:32,707 [WARN] PackLoader:240 - Cannot read IP mode file for STMicroelectronics.X-CUBE-AZRTOS-G0.1.1.0
2025-03-19 19:31:32,709 [WARN] PackLoader:240 - Cannot read IP mode file for STMicroelectronics.X-CUBE-SAFEA1.1.2.2
2025-03-19 19:31:32,711 [WARN] PackLoader:240 - Cannot read IP mode file for STMicroelectronics.X-CUBE-NFC4.3.0.0
2025-03-19 19:31:32,714 [WARN] PackLoader:240 - Cannot read IP mode file for EmbeddedOffice.I-CUBE-FS-RTOS.1.0.1
2025-03-19 19:31:32,714 [ERROR] ConditionMgr:805 - Attr not supported : Dmpu
2025-03-19 19:31:32,714 [ERROR] ConditionMgr:805 - Attr not supported : Dmpu
2025-03-19 19:31:32,714 [ERROR] ConditionMgr:805 - Attr not supported : Dmpu
2025-03-19 19:31:32,714 [ERROR] ConditionMgr:805 - Attr not supported : Dmpu
2025-03-19 19:31:32,714 [ERROR] ConditionMgr:805 - Attr not supported : Dmpu
2025-03-19 19:31:32,714 [ERROR] ConditionMgr:805 - Attr not supported : Dmpu
2025-03-19 19:31:32,714 [ERROR] ConditionMgr:805 - Attr not supported : Dmpu
2025-03-19 19:31:32,714 [ERROR] ConditionMgr:805 - Attr not supported : Dmpu
2025-03-19 19:31:32,714 [ERROR] ConditionMgr:805 - Attr not supported : Dmpu
2025-03-19 19:31:32,714 [ERROR] ConditionMgr:805 - Attr not supported : Dmpu
2025-03-19 19:31:32,714 [ERROR] ConditionMgr:805 - Attr not supported : Dmpu
2025-03-19 19:31:32,714 [ERROR] ConditionMgr:805 - Attr not supported : Dmpu
2025-03-19 19:31:32,714 [ERROR] ConditionMgr:805 - Attr not supported : Dmpu
2025-03-19 19:31:32,714 [ERROR] ConditionMgr:805 - Attr not supported : Dmpu
2025-03-19 19:31:32,714 [ERROR] ConditionMgr:805 - Attr not supported : Dmpu
2025-03-19 19:31:32,714 [ERROR] ConditionMgr:805 - Attr not supported : Dmpu
2025-03-19 19:31:32,714 [ERROR] ConditionMgr:805 - Attr not supported : Dmpu
2025-03-19 19:31:32,714 [ERROR] ConditionMgr:805 - Attr not supported : Dmpu
2025-03-19 19:31:32,714 [ERROR] ConditionMgr:805 - Attr not supported : Dmpu
2025-03-19 19:31:32,714 [ERROR] ConditionMgr:805 - Attr not supported : Dmpu
2025-03-19 19:31:32,714 [ERROR] ConditionMgr:805 - Attr not supported : Dmpu
2025-03-19 19:31:32,714 [ERROR] ConditionMgr:805 - Attr not supported : Dmpu
2025-03-19 19:31:32,715 [ERROR] ConditionMgr:805 - Attr not supported : Dmpu
2025-03-19 19:31:32,715 [ERROR] ConditionMgr:805 - Attr not supported : Dmpu
2025-03-19 19:31:32,715 [ERROR] ConditionMgr:805 - Attr not supported : Dmpu
2025-03-19 19:31:32,715 [ERROR] ConditionMgr:805 - Attr not supported : Dmpu
2025-03-19 19:31:32,715 [ERROR] ConditionMgr:805 - Attr not supported : Dmpu
2025-03-19 19:31:32,715 [ERROR] ConditionMgr:805 - Attr not supported : Dmpu
2025-03-19 19:31:32,715 [ERROR] ConditionMgr:805 - Attr not supported : Dmpu
2025-03-19 19:31:32,715 [ERROR] ConditionMgr:805 - Attr not supported : Dmpu
2025-03-19 19:31:32,715 [ERROR] ConditionMgr:805 - Attr not supported : Dmpu
2025-03-19 19:31:32,715 [ERROR] ConditionMgr:805 - Attr not supported : Dmpu
2025-03-19 19:31:32,715 [ERROR] ConditionMgr:805 - Attr not supported : Dmpu
2025-03-19 19:31:32,715 [ERROR] ConditionMgr:805 - Attr not supported : Dmpu
2025-03-19 19:31:32,715 [ERROR] ConditionMgr:805 - Attr not supported : Dmpu
2025-03-19 19:31:32,715 [ERROR] ConditionMgr:805 - Attr not supported : Dmpu
2025-03-19 19:31:32,715 [ERROR] ConditionMgr:805 - Attr not supported : Dmpu
2025-03-19 19:31:32,715 [ERROR] ConditionMgr:805 - Attr not supported : Dmpu
2025-03-19 19:31:32,715 [ERROR] ConditionMgr:805 - Attr not supported : Dmpu
2025-03-19 19:31:32,715 [ERROR] ConditionMgr:805 - Attr not supported : Dmpu
2025-03-19 19:31:32,715 [ERROR] ConditionMgr:805 - Attr not supported : Dmpu
2025-03-19 19:31:32,715 [ERROR] ConditionMgr:805 - Attr not supported : Dmpu
2025-03-19 19:31:32,715 [ERROR] ConditionMgr:805 - Attr not supported : Dmpu
2025-03-19 19:31:32,715 [ERROR] ConditionMgr:805 - Attr not supported : Dmpu
2025-03-19 19:31:32,715 [ERROR] ConditionMgr:805 - Attr not supported : Dmpu
2025-03-19 19:31:32,715 [ERROR] ConditionMgr:805 - Attr not supported : Dmpu
2025-03-19 19:31:32,715 [ERROR] ConditionMgr:805 - Attr not supported : Dmpu
2025-03-19 19:31:32,715 [ERROR] ConditionMgr:805 - Attr not supported : Dmpu
2025-03-19 19:31:32,715 [ERROR] ConditionMgr:805 - Attr not supported : Dmpu
2025-03-19 19:31:32,715 [ERROR] ConditionMgr:805 - Attr not supported : Dmpu
2025-03-19 19:31:32,715 [ERROR] ConditionMgr:805 - Attr not supported : Dmpu
2025-03-19 19:31:32,715 [ERROR] ConditionMgr:805 - Attr not supported : Dmpu
2025-03-19 19:31:32,715 [ERROR] ConditionMgr:805 - Attr not supported : Dmpu
2025-03-19 19:31:32,715 [ERROR] ConditionMgr:805 - Attr not supported : Dmpu
2025-03-19 19:31:32,715 [ERROR] ConditionMgr:805 - Attr not supported : Dmpu
2025-03-19 19:31:32,715 [ERROR] ConditionMgr:805 - Attr not supported : Dmpu
2025-03-19 19:31:32,715 [ERROR] ConditionMgr:805 - Attr not supported : Dmpu
2025-03-19 19:31:32,715 [ERROR] ConditionMgr:805 - Attr not supported : Dmpu
2025-03-19 19:31:32,715 [ERROR] ConditionMgr:805 - Attr not supported : Dmpu
2025-03-19 19:31:32,715 [ERROR] ConditionMgr:805 - Attr not supported : Dmpu
2025-03-19 19:31:32,715 [ERROR] ConditionMgr:805 - Attr not supported : Dmpu
2025-03-19 19:31:32,715 [ERROR] ConditionMgr:805 - Attr not supported : Dmpu
2025-03-19 19:31:32,715 [ERROR] ConditionMgr:805 - Attr not supported : Dmpu
2025-03-19 19:31:32,716 [ERROR] ConditionMgr:805 - Attr not supported : Dmpu
2025-03-19 19:31:32,716 [WARN] PackLoader:240 - Cannot read IP mode file for wolfSSL.I-CUBE-wolfTPM.3.8.0
2025-03-19 19:31:32,717 [ERROR] Engine:466 - /root/.stm32cubemx/thirdparties/pdsc/STMicroelectronics.X-CUBE-TCPP.4.2.0.pdsc: PDSC version is not supported
2025-03-19 19:31:32,718 [WARN] PackLoader:240 - Cannot read IP mode file for RealThread.X-CUBE-RT-Thread_Nano.4.1.1
2025-03-19 19:31:32,719 [WARN] PackLoader:240 - Cannot read IP mode file for STMicroelectronics.FP-ATR-SIGFOX1.3.2.0
2025-03-19 19:31:32,721 [WARN] PackLoader:240 - Cannot read IP mode file for STMicroelectronics.X-CUBE-EEPRMA1.5.1.0
2025-03-19 19:31:32,722 [WARN] PackLoader:240 - Cannot read IP mode file for wolfSSL.I-CUBE-wolfSSL.5.7.6
2025-03-19 19:31:32,724 [WARN] PackLoader:240 - Cannot read IP mode file for ITTIA_DB.I-CUBE-ITTIADB.8.9.0
2025-03-19 19:31:32,735 [WARN] PackLoader:240 - Cannot read IP mode file for SEGGER.I-CUBE-embOS.1.3.1
2025-03-19 19:31:32,751 [WARN] PackLoader:240 - Cannot read IP mode file for STMicroelectronics.X-CUBE-ALGOBUILD.1.4.0
2025-03-19 19:31:32,757 [WARN] PackLoader:240 - Cannot read IP mode file for STMicroelectronics.X-CUBE-AZRTOS-F4.1.1.0
2025-03-19 19:31:32,760 [WARN] PackLoader:240 - Cannot read IP mode file for STMicroelectronics.X-CUBE-ISPU.2.1.0
2025-03-19 19:31:32,766 [WARN] PackLoader:240 - Cannot read IP mode file for STMicroelectronics.X-CUBE-AZRTOS-L5.2.0.0
2025-03-19 19:31:32,770 [WARN] PackLoader:240 - Cannot read IP mode file for STMicroelectronics.X-CUBE-NFC6.3.1.0
2025-03-19 19:31:32,772 [WARN] PackLoader:240 - Cannot read IP mode file for STMicroelectronics.X-CUBE-DPower.1.2.0
2025-03-19 19:31:32,774 [WARN] PackLoader:240 - Cannot read IP mode file for STMicroelectronics.X-CUBE-FREERTOS.1.3.0
2025-03-19 19:31:32,775 [WARN] PackLoader:240 - Cannot read IP mode file for STMicroelectronics.X-CUBE-NFC7.1.0.1
2025-03-19 19:31:32,787 [WARN] ConditionMgr:438 - getConditionDescription Invalid condition id : LAN8742 Phy interface Condition cause : null
2025-03-19 19:31:32,788 [WARN] PackLoader:240 - Cannot read IP mode file for STMicroelectronics.X-CUBE-AZRTOS-L4.2.0.0
2025-03-19 19:31:32,789 [WARN] ConditionMgr:1039 - genDependencies : Invalid condition id : LAN8742 Phy interface Condition cause : null
2025-03-19 19:31:32,789 [WARN] ConditionMgr:1039 - genDependencies : Invalid condition id : LAN8742 Phy interface Condition cause : null
2025-03-19 19:31:32,789 [WARN] ConditionMgr:1039 - genDependencies : Invalid condition id : LAN8742 Phy interface Condition cause : null
2025-03-19 19:31:32,793 [WARN] PackLoader:240 - Cannot read IP mode file for STMicroelectronics.X-CUBE-SFXS2LP1.4.0.0
2025-03-19 19:31:32,803 [WARN] PackLoader:240 - Cannot read IP mode file for STMicroelectronics.X-CUBE-AZRTOS-H7.3.3.0
2025-03-19 19:31:32,811 [WARN] ConditionMgr:438 - getConditionDescription Invalid condition id : UX DEVICE CLASS RTOS Condition cause : null
2025-03-19 19:31:32,811 [WARN] ConditionMgr:438 - getConditionDescription Invalid condition id : UX DEVICE CLASS RTOS Condition cause : null
2025-03-19 19:31:32,812 [WARN] PackLoader:240 - Cannot read IP mode file for STMicroelectronics.X-CUBE-AZRTOS-WB.2.0.0
2025-03-19 19:31:32,812 [WARN] ConditionMgr:1039 - genDependencies : Invalid condition id : UX DEVICE CLASS RTOS Condition cause : null
2025-03-19 19:31:32,812 [WARN] ConditionMgr:1039 - genDependencies : Invalid condition id : UX DEVICE CLASS RTOS Condition cause : null
2025-03-19 19:31:32,812 [WARN] ConditionMgr:1039 - genDependencies : Invalid condition id : UX DEVICE CLASS RTOS Condition cause : null
2025-03-19 19:31:32,812 [WARN] ConditionMgr:1039 - genDependencies : Invalid condition id : UX DEVICE CLASS RTOS Condition cause : null
2025-03-19 19:31:32,812 [WARN] ConditionMgr:1039 - genDependencies : Invalid condition id : UX DEVICE CLASS RTOS Condition cause : null
2025-03-19 19:31:32,815 [WARN] PackLoader:240 - Cannot read IP mode file for STMicroelectronics.X-CUBE-GNSS1.7.0.1
2025-03-19 19:31:32,818 [WARN] PackLoader:240 - Cannot read IP mode file for STMicroelectronics.X-CUBE-TOUCHGFX.4.25.0
2025-03-19 19:31:32,821 [WARN] PackLoader:240 - Cannot read IP mode file for STMicroelectronics.FP-SNS-STBOX1.2.0.0
2025-03-19 19:31:32,830 [WARN] PackLoader:240 - Cannot read IP mode file for STMicroelectronics.X-CUBE-SUBG2.5.0.0
2025-03-19 19:31:32,847 [WARN] PackLoader:240 - Cannot read IP mode file for STMicroelectronics.X-CUBE-AZRTOS-H7RS.1.1.0
2025-03-19 19:31:32,852 [WARN] PackLoader:240 - Cannot read IP mode file for Cesanta.I-CUBE-Mongoose.7.13.0
2025-03-19 19:31:32,862 [WARN] PackLoader:240 - Cannot read IP mode file for STMicroelectronics.X-CUBE-AZRTOS-G4.2.0.0
2025-03-19 19:31:32,866 [WARN] PackLoader:240 - Cannot read IP mode file for wolfSSL.I-CUBE-wolfSSH.1.4.20
2025-03-19 19:31:32,869 [ERROR] Engine:466 - /root/.stm32cubemx/thirdparties/pdsc/STMicroelectronics.X-CUBE-IPS.3.1.0.pdsc: PDSC version is not supported
2025-03-19 19:31:32,871 [WARN] PackLoader:240 - Cannot read IP mode file for STMicroelectronics.X-CUBE-ALS.1.0.2
2025-03-19 19:31:32,873 [WARN] PackLoader:240 - Cannot read IP mode file for portGmbH.I-Cube-SoM-uGOAL.1.1.0
2025-03-19 19:31:32,880 [WARN] PackLoader:240 - Cannot read IP mode file for STMicroelectronics.X-CUBE-TOF1.3.4.2
2025-03-19 19:31:32,890 [INFO] ThirdParty:978 - Integrity check success = true
2025-03-19 19:31:32,890 [INFO] IntegrityCheckThread:100 - exiting critical section [integrity check]
2025-03-19 19:31:32,890 [INFO] IntegrityCheckThread:103 - End integrity checks thread
2025-03-19 19:58:07,547 [ERROR] LogOutputStream:75 - [STDERR_REDIRECT] 
